2025-07-11 23:22:27 - __main__ - INFO - Logger '__main__' initialized successfully
2025-07-11 23:22:27 - __main__ - INFO - Stored cookies have expired
2025-07-11 23:22:27 - __main__ - INFO - Refreshing NSE cookies...
2025-07-11 23:22:27 - __main__ - INFO - Getting NSE cookies...
2025-07-11 23:22:27 - __main__ - ERROR - Error getting NSE cookies: NSECookieService.get_driver() takes 0 positional arguments but 1 was given
2025-07-11 23:22:27 - __main__ - INFO - Getting NSE cookies...
2025-07-11 23:22:27 - __main__ - ERROR - Error getting NSE cookies: NSECookieService.get_driver() takes 0 positional arguments but 1 was given
2025-07-11 23:22:27 - __main__ - INFO - Stored cookies have expired
2025-07-11 23:22:27 - __main__ - INFO - Refreshing NSE cookies...
2025-07-11 23:22:27 - __main__ - INFO - Getting NSE cookies...
2025-07-11 23:22:27 - __main__ - ERROR - Error getting NSE cookies: NSECookieService.get_driver() takes 0 positional arguments but 1 was given
2025-07-11 23:22:27 - __main__ - ERROR - Error validating cookies: 'NSECookieService' object has no attribute 'base_url'
2025-07-11 23:22:27 - __main__ - INFO - Refreshing NSE cookies...
2025-07-11 23:22:27 - __main__ - INFO - Getting NSE cookies...
2025-07-11 23:22:27 - __main__ - ERROR - Error getting NSE cookies: NSECookieService.get_driver() takes 0 positional arguments but 1 was given
2025-07-11 23:31:21 - __main__ - INFO - Logger '__main__' initialized successfully
2025-07-11 23:31:21 - __main__ - INFO - Stored cookies have expired
2025-07-11 23:31:21 - __main__ - INFO - Refreshing NSE cookies...
2025-07-11 23:31:21 - __main__ - INFO - Getting NSE cookies...
2025-07-11 23:31:39 - __main__ - INFO - Cookies saved to nse_cookies.json
2025-07-11 23:31:39 - __main__ - ERROR - Error validating cookies: Invalid URL 'None/api/allIndices': No scheme supplied. Perhaps you meant https://None/api/allIndices?
2025-07-11 23:31:39 - __main__ - INFO - Getting fresh cookies...
2025-07-11 23:31:39 - __main__ - INFO - Refreshing NSE cookies...
2025-07-11 23:31:39 - __main__ - INFO - Getting NSE cookies...
2025-07-11 23:31:53 - __main__ - INFO - Cookies saved to nse_cookies.json
2025-07-11 23:31:53 - __main__ - ERROR - Error validating cookies: Invalid URL 'None/api/allIndices': No scheme supplied. Perhaps you meant https://None/api/allIndices?
2025-07-11 23:31:53 - __main__ - ERROR - Failed to get valid cookies.
2025-07-11 23:31:53 - __main__ - INFO - Refreshing NSE cookies...
2025-07-11 23:31:53 - __main__ - INFO - Getting NSE cookies...
2025-07-11 23:34:00 - __main__ - INFO - Logger '__main__' initialized successfully
2025-07-11 23:34:00 - __main__ - INFO - Loaded cookies from file
2025-07-11 23:34:01 - __main__ - INFO - Cookies validation successful
2025-07-11 23:34:01 - __main__ - INFO - Refreshing NSE cookies...
2025-07-11 23:34:01 - __main__ - INFO - Getting NSE cookies...
2025-07-11 23:34:17 - __main__ - INFO - Logger '__main__' initialized successfully
2025-07-11 23:34:17 - __main__ - INFO - Loaded cookies from file
2025-07-11 23:34:18 - __main__ - INFO - Cookies validation successful
2025-07-11 23:34:18 - __main__ - INFO - Refreshing NSE cookies...
2025-07-11 23:34:18 - __main__ - INFO - Getting NSE cookies...
2025-07-11 23:35:33 - __main__ - INFO - Logger '__main__' initialized successfully
2025-07-11 23:35:33 - __main__ - INFO - Loaded cookies from file
2025-07-11 23:35:34 - __main__ - INFO - Cookies validation successful
2025-07-11 23:35:34 - __main__ - INFO - Refreshing NSE cookies...
2025-07-11 23:35:34 - __main__ - INFO - Getting NSE cookies...
2025-07-11 23:35:34 - __main__ - INFO - Launching undetected Chrome...
2025-07-11 23:35:56 - __main__ - INFO - Cookies saved to nse_cookies.json
2025-07-11 23:35:56 - __main__ - INFO - Cookies validation successful
2025-07-11 23:36:27 - __main__ - INFO - Logger '__main__' initialized successfully
2025-07-11 23:36:27 - __main__ - INFO - Running NSECookieService Tests...

2025-07-11 23:36:27 - __main__ - ERROR - Error loading cookies: Expecting value: line 1 column 1 (char 0)
2025-07-11 23:36:27 - __main__ - INFO - Getting fresh cookies...
2025-07-11 23:36:27 - __main__ - INFO - Refreshing NSE cookies...
2025-07-11 23:36:27 - __main__ - INFO - Getting NSE cookies...
2025-07-11 23:36:27 - __main__ - INFO - Launching undetected Chrome...
2025-07-11 23:36:45 - __main__ - INFO - Cookies saved to nse_cookies.json
2025-07-11 23:36:45 - __main__ - INFO - Cookies validation successful
2025-07-11 23:36:45 - __main__ - INFO - Refreshing NSE cookies...
2025-07-11 23:36:45 - __main__ - INFO - Getting NSE cookies...
2025-07-11 23:36:45 - __main__ - INFO - Launching undetected Chrome...
2025-07-11 23:37:02 - __main__ - INFO - Cookies saved to nse_cookies.json
2025-07-11 23:37:03 - __main__ - INFO - Cookies validation successful
2025-07-11 23:38:54 - __main__ - INFO - Logger '__main__' initialized successfully
2025-07-11 23:38:54 - __main__ - INFO - Running NSECookieService Tests...

2025-07-11 23:38:54 - __main__ - INFO - Loaded cookies from file
2025-07-11 23:38:55 - __main__ - INFO - Cookies validation successful
2025-07-11 23:38:55 - __main__ - INFO - Refreshing NSE cookies...
2025-07-11 23:38:55 - __main__ - INFO - Getting NSE cookies...
2025-07-11 23:38:55 - __main__ - INFO - Launching undetected Chrome...
2025-07-11 23:39:13 - __main__ - INFO - Cookies saved to nse_cookies.json
2025-07-11 23:39:13 - __main__ - INFO - Cookies validation successful
2025-07-11 23:53:53 - __main__ - INFO - Logger '__main__' initialized successfully
2025-07-11 23:54:25 - __main__ - INFO - Logger '__main__' initialized successfully
