2025-07-12 21:39:35 - API.Controller.nse_52week_high_low - INFO - Logger 'API.Controller.nse_52week_high_low' initialized successfully
2025-07-12 21:39:38 - API.Controller.nse_52week_high_low - INFO - Logger 'API.Controller.nse_52week_high_low' initialized successfully
2025-07-12 21:41:28 - API.Controller.nse_52week_high_low - INFO - Logger 'API.Controller.nse_52week_high_low' initialized successfully
2025-07-12 21:41:48 - API.Controller.nse_52week_high_low - INFO - Logger 'API.Controller.nse_52week_high_low' initialized successfully
2025-07-12 21:41:59 - API.Controller.nse_52week_high_low - INFO - Logger 'API.Controller.nse_52week_high_low' initialized successfully
2025-07-12 21:42:13 - API.Controller.nse_52week_high_low - INFO - Logger 'API.Controller.nse_52week_high_low' initialized successfully
2025-07-12 21:42:21 - API.Controller.nse_52week_high_low - INFO - Logger 'API.Controller.nse_52week_high_low' initialized successfully
2025-07-12 21:42:46 - API.Controller.nse_52week_high_low - INFO - Logger 'API.Controller.nse_52week_high_low' initialized successfully
2025-07-12 21:47:49 - API.Controller.nse_52week_high_low - INFO - Logger 'API.Controller.nse_52week_high_low' initialized successfully
2025-07-12 21:48:08 - API.Controller.nse_52week_high_low - INFO - Logger 'API.Controller.nse_52week_high_low' initialized successfully
2025-07-12 21:48:46 - API.Controller.nse_52week_high_low - INFO - Logger 'API.Controller.nse_52week_high_low' initialized successfully
2025-07-12 21:48:51 - API.Controller.nse_52week_high_low - INFO - Logger 'API.Controller.nse_52week_high_low' initialized successfully
2025-07-12 21:49:03 - API.Controller.nse_52week_high_low - INFO - Logger 'API.Controller.nse_52week_high_low' initialized successfully
2025-07-12 21:49:12 - API.Controller.nse_52week_high_low - INFO - Logger 'API.Controller.nse_52week_high_low' initialized successfully
2025-07-12 21:49:15 - API.Controller.nse_52week_high_low - INFO - Logger 'API.Controller.nse_52week_high_low' initialized successfully
2025-07-12 21:49:20 - API.Controller.nse_52week_high_low - INFO - Logger 'API.Controller.nse_52week_high_low' initialized successfully
2025-07-12 21:49:26 - API.Controller.nse_52week_high_low - INFO - Logger 'API.Controller.nse_52week_high_low' initialized successfully
2025-07-12 21:51:03 - API.Controller.nse_52week_high_low - INFO - Logger 'API.Controller.nse_52week_high_low' initialized successfully
2025-07-12 21:51:10 - API.Controller.nse_52week_high_low - INFO - Logger 'API.Controller.nse_52week_high_low' initialized successfully
2025-07-12 21:51:41 - API.Controller.nse_52week_high_low - INFO - Logger 'API.Controller.nse_52week_high_low' initialized successfully
2025-07-12 21:52:00 - API.Controller.nse_52week_high_low - INFO - Logger 'API.Controller.nse_52week_high_low' initialized successfully
2025-07-12 21:52:03 - API.Controller.nse_52week_high_low - INFO - Logger 'API.Controller.nse_52week_high_low' initialized successfully
2025-07-12 21:52:11 - API.Controller.nse_52week_high_low - INFO - Logger 'API.Controller.nse_52week_high_low' initialized successfully
2025-07-12 21:52:17 - API.Controller.nse_52week_high_low - INFO - Logger 'API.Controller.nse_52week_high_low' initialized successfully
2025-07-12 21:52:32 - API.Controller.nse_52week_high_low - INFO - Logger 'API.Controller.nse_52week_high_low' initialized successfully
2025-07-12 21:53:09 - API.Controller.nse_52week_high_low - INFO - Logger 'API.Controller.nse_52week_high_low' initialized successfully
2025-07-12 21:53:29 - API.Controller.nse_52week_high_low - INFO - Logger 'API.Controller.nse_52week_high_low' initialized successfully
2025-07-12 21:53:34 - API.Controller.nse_52week_high_low - INFO - Logger 'API.Controller.nse_52week_high_low' initialized successfully
2025-07-12 21:53:40 - API.Controller.nse_52week_high_low - INFO - Logger 'API.Controller.nse_52week_high_low' initialized successfully
2025-07-12 21:53:58 - API.Controller.nse_52week_high_low - INFO - Logger 'API.Controller.nse_52week_high_low' initialized successfully
2025-07-12 21:54:22 - API.Controller.nse_52week_high_low - INFO - Logger 'API.Controller.nse_52week_high_low' initialized successfully
2025-07-12 21:54:57 - API.Controller.nse_52week_high_low - INFO - Logger 'API.Controller.nse_52week_high_low' initialized successfully
2025-07-12 21:55:05 - API.Controller.nse_52week_high_low - INFO - Logger 'API.Controller.nse_52week_high_low' initialized successfully
2025-07-12 21:55:12 - API.Controller.nse_52week_high_low - INFO - Logger 'API.Controller.nse_52week_high_low' initialized successfully
2025-07-12 21:55:24 - API.Controller.nse_52week_high_low - INFO - Logger 'API.Controller.nse_52week_high_low' initialized successfully
2025-07-12 21:55:34 - API.Controller.nse_52week_high_low - INFO - Logger 'API.Controller.nse_52week_high_low' initialized successfully
2025-07-12 21:55:39 - API.Controller.nse_52week_high_low - INFO - Logger 'API.Controller.nse_52week_high_low' initialized successfully
2025-07-12 21:55:52 - API.Controller.nse_52week_high_low - INFO - Logger 'API.Controller.nse_52week_high_low' initialized successfully
2025-07-12 21:56:19 - API.Controller.nse_52week_high_low - INFO - Logger 'API.Controller.nse_52week_high_low' initialized successfully
2025-07-12 21:56:30 - API.Controller.nse_52week_high_low - INFO - Logger 'API.Controller.nse_52week_high_low' initialized successfully
2025-07-12 21:57:42 - API.Controller.nse_52week_high_low - INFO - Starting to scrape 52-week high and low stocks...
2025-07-12 21:57:42 - API.Controller.nse_52week_high_low - INFO - Scraping 52-week high stocks from: https://www.nseindia.com/api/live-analysis-data-52weekhighstock
2025-07-12 21:58:14 - API.Controller.nse_52week_high_low - ERROR - Request failed with status code: 401
2025-07-12 21:58:14 - API.Controller.nse_52week_high_low - INFO - Scraping 52-week low stocks from: https://www.nseindia.com/api/live-analysis-data-52weeklowstock
2025-07-12 21:58:15 - API.Controller.nse_52week_high_low - INFO - Data saved to database table: nse_52_week_low
2025-07-12 21:58:15 - API.Controller.nse_52week_high_low - ERROR - Error scraping 52-week high and low: 'NoneType' object has no attribute 'get'
2025-07-12 22:02:54 - API.Controller.nse_52week_high_low - INFO - Logger 'API.Controller.nse_52week_high_low' initialized successfully
2025-07-12 22:02:57 - API.Controller.nse_52week_high_low - INFO - Logger 'API.Controller.nse_52week_high_low' initialized successfully
2025-07-13 10:21:29 - API.Controller.nse_52week_high_low - INFO - Logger 'API.Controller.nse_52week_high_low' initialized successfully
2025-07-13 10:21:32 - API.Controller.nse_52week_high_low - INFO - Logger 'API.Controller.nse_52week_high_low' initialized successfully
2025-07-13 10:22:44 - API.Controller.nse_52week_high_low - INFO - Starting to scrape 52-week high and low stocks...
2025-07-13 10:22:44 - API.Controller.nse_52week_high_low - INFO - Scraping 52-week high stocks from: https://www.nseindia.com/api/live-analysis-data-52weekhighstock
2025-07-13 10:22:50 - API.Controller.nse_52week_high_low - ERROR - Error saving 52-week high data to database: database is locked
2025-07-13 10:22:50 - API.Controller.nse_52week_high_low - INFO - Scraping 52-week low stocks from: https://www.nseindia.com/api/live-analysis-data-52weeklowstock
2025-07-13 10:22:55 - API.Controller.nse_52week_high_low - ERROR - Error saving 52-week low data to database: database is locked
2025-07-13 10:23:43 - API.Controller.nse_52week_high_low - INFO - Logger 'API.Controller.nse_52week_high_low' initialized successfully
2025-07-13 10:23:56 - API.Controller.nse_52week_high_low - INFO - Logger 'API.Controller.nse_52week_high_low' initialized successfully
2025-07-13 10:24:03 - API.Controller.nse_52week_high_low - INFO - Logger 'API.Controller.nse_52week_high_low' initialized successfully
2025-07-13 10:27:04 - API.Controller.nse_52week_high_low - INFO - Logger 'API.Controller.nse_52week_high_low' initialized successfully
2025-07-13 10:27:14 - API.Controller.nse_52week_high_low - INFO - Logger 'API.Controller.nse_52week_high_low' initialized successfully
2025-07-13 10:27:24 - API.Controller.nse_52week_high_low - INFO - Logger 'API.Controller.nse_52week_high_low' initialized successfully
2025-07-13 10:27:43 - API.Controller.nse_52week_high_low - INFO - Logger 'API.Controller.nse_52week_high_low' initialized successfully
2025-07-13 10:27:48 - API.Controller.nse_52week_high_low - INFO - Logger 'API.Controller.nse_52week_high_low' initialized successfully
2025-07-13 10:28:05 - API.Controller.nse_52week_high_low - INFO - Logger 'API.Controller.nse_52week_high_low' initialized successfully
2025-07-13 10:28:10 - API.Controller.nse_52week_high_low - INFO - Logger 'API.Controller.nse_52week_high_low' initialized successfully
2025-07-13 10:28:14 - API.Controller.nse_52week_high_low - INFO - Logger 'API.Controller.nse_52week_high_low' initialized successfully
2025-07-13 10:28:46 - API.Controller.nse_52week_high_low - INFO - Logger 'API.Controller.nse_52week_high_low' initialized successfully
2025-07-13 10:28:49 - API.Controller.nse_52week_high_low - INFO - Logger 'API.Controller.nse_52week_high_low' initialized successfully
