2025-07-12 12:47:30 - API.Controller.nse_all_indexes - ERROR - Error scraping index 'NIFTY 50': 'NSEAllIndexesController' object has no attribute '_process_index_data'
2025-07-12 13:07:00 - API.Controller.nse_all_indexes - ERROR - Failed to save data for NIFTY 50: ON CONFLICT clause does not match any PRIMARY KEY or UNIQUE constraint
2025-07-12 13:15:58 - API.Controller.nse_all_indexes - ERROR - Failed to save data for NIFTY 50: ON CONFLICT clause does not match any PRIMARY KEY or UNIQUE constraint
2025-07-12 13:16:43 - API.Controller.nse_all_indexes - ERROR - Failed to save data for NIFTY 50: ON CONFLICT clause does not match any PRIMARY KEY or UNIQUE constraint
2025-07-12 13:56:06 - API.Controller.nse_all_indexes - ERROR - Failed to save data for NIFTY INDIA CONSUMPTION: Incorrect number of bindings supplied. The current statement uses 20, and there are 19 supplied.
2025-07-12 13:56:07 - API.Controller.nse_all_indexes - ERROR - Failed to save data for NIFTY FMCG: Incorrect number of bindings supplied. The current statement uses 20, and there are 19 supplied.
2025-07-12 13:56:07 - API.Controller.nse_all_indexes - ERROR - Failed to save data for INDIA VIX: Incorrect number of bindings supplied. The current statement uses 20, and there are 19 supplied.
2025-07-12 13:56:07 - API.Controller.nse_all_indexes - ERROR - Failed to save data for NIFTY METAL: Incorrect number of bindings supplied. The current statement uses 20, and there are 19 supplied.
2025-07-12 13:56:08 - API.Controller.nse_all_indexes - ERROR - Failed to save data for NIFTY IPO: Incorrect number of bindings supplied. The current statement uses 20, and there are 19 supplied.
2025-07-12 13:56:08 - API.Controller.nse_all_indexes - ERROR - Failed to save data for NIFTY FINANCIAL SERVICES EX-BANK: Incorrect number of bindings supplied. The current statement uses 20, and there are 19 supplied.
2025-07-12 13:56:09 - API.Controller.nse_all_indexes - ERROR - Failed to save data for NIFTY ALPHA QUALITY LOW-VOLATILITY 30: Incorrect number of bindings supplied. The current statement uses 20, and there are 19 supplied.
2025-07-12 13:56:09 - API.Controller.nse_all_indexes - ERROR - Failed to save data for NIFTY MIDSMALL INDIA CONSUMPTION: Incorrect number of bindings supplied. The current statement uses 20, and there are 19 supplied.
2025-07-12 13:56:09 - API.Controller.nse_all_indexes - ERROR - Failed to save data for NIFTY50 PR 1X INVERSE: Incorrect number of bindings supplied. The current statement uses 20, and there are 19 supplied.
2025-07-12 13:56:10 - API.Controller.nse_all_indexes - ERROR - Failed to save data for NIFTY500 MULTICAP INDIA MANUFACTURING 50:30:20: Incorrect number of bindings supplied. The current statement uses 20, and there are 19 supplied.
2025-07-12 13:56:10 - API.Controller.nse_all_indexes - ERROR - Failed to save data for NIFTY50 DIVIDEND POINTS: Incorrect number of bindings supplied. The current statement uses 20, and there are 19 supplied.
2025-07-12 13:56:11 - API.Controller.nse_all_indexes - ERROR - Failed to save data for NIFTY500 MOMENTUM 50: Incorrect number of bindings supplied. The current statement uses 20, and there are 19 supplied.
2025-07-12 13:56:11 - API.Controller.nse_all_indexes - ERROR - Failed to save data for NIFTY QUALITY LOW-VOLATILITY 30: Incorrect number of bindings supplied. The current statement uses 20, and there are 19 supplied.
2025-07-12 13:56:12 - API.Controller.nse_all_indexes - ERROR - Failed to save data for NIFTY SHARIAH 25: Incorrect number of bindings supplied. The current statement uses 20, and there are 19 supplied.
2025-07-12 13:56:12 - API.Controller.nse_all_indexes - ERROR - Failed to save data for NIFTY100 LIQUID 15: Incorrect number of bindings supplied. The current statement uses 20, and there are 19 supplied.
2025-07-12 13:56:12 - API.Controller.nse_all_indexes - ERROR - Failed to save data for NIFTY50 TR 1X INVERSE: Incorrect number of bindings supplied. The current statement uses 20, and there are 19 supplied.
2025-07-12 13:56:13 - API.Controller.nse_all_indexes - ERROR - Failed to save data for NIFTY SMALLCAP250 MOMENTUM QUALITY 100: Incorrect number of bindings supplied. The current statement uses 20, and there are 19 supplied.
2025-07-12 13:56:13 - API.Controller.nse_all_indexes - ERROR - Failed to save data for NIFTY FINANCIAL SERVICES 25/50: Incorrect number of bindings supplied. The current statement uses 20, and there are 19 supplied.
2025-07-12 13:56:13 - API.Controller.nse_all_indexes - ERROR - Failed to save data for NIFTY CAPITAL MARKETS: Incorrect number of bindings supplied. The current statement uses 20, and there are 19 supplied.
2025-07-12 13:56:14 - API.Controller.nse_all_indexes - ERROR - Failed to save data for NIFTY TOP 10 EQUAL WEIGHT: Incorrect number of bindings supplied. The current statement uses 20, and there are 19 supplied.
2025-07-12 13:56:14 - API.Controller.nse_all_indexes - ERROR - Failed to save data for NIFTY BANK: Incorrect number of bindings supplied. The current statement uses 20, and there are 19 supplied.
2025-07-12 13:56:14 - API.Controller.nse_all_indexes - ERROR - Failed to save data for NIFTY PSU BANK: Incorrect number of bindings supplied. The current statement uses 20, and there are 19 supplied.
2025-07-12 13:56:15 - API.Controller.nse_all_indexes - ERROR - Failed to save data for NIFTY SERVICES SECTOR: Incorrect number of bindings supplied. The current statement uses 20, and there are 19 supplied.
2025-07-12 13:56:15 - API.Controller.nse_all_indexes - ERROR - Failed to save data for NIFTY 10 YR BENCHMARK G-SEC (CLEAN PRICE): Incorrect number of bindings supplied. The current statement uses 20, and there are 19 supplied.
2025-07-12 13:56:15 - API.Controller.nse_all_indexes - ERROR - Failed to save data for NIFTY 11-15 YR G-SEC INDEX: Incorrect number of bindings supplied. The current statement uses 20, and there are 19 supplied.
2025-07-12 13:56:16 - API.Controller.nse_all_indexes - ERROR - Failed to save data for NIFTY50 PR 2X LEVERAGE: Incorrect number of bindings supplied. The current statement uses 20, and there are 19 supplied.
2025-07-12 13:56:16 - API.Controller.nse_all_indexes - ERROR - Failed to save data for NIFTY 100: Incorrect number of bindings supplied. The current statement uses 20, and there are 19 supplied.
2025-07-12 13:56:17 - API.Controller.nse_all_indexes - ERROR - Failed to save data for NIFTY SMALLCAP 250: Incorrect number of bindings supplied. The current statement uses 20, and there are 19 supplied.
2025-07-12 13:56:18 - API.Controller.nse_all_indexes - ERROR - Failed to save data for NIFTY MIDSMALLCAP400 MOMENTUM QUALITY 100: Incorrect number of bindings supplied. The current statement uses 20, and there are 19 supplied.
2025-07-12 13:56:18 - API.Controller.nse_all_indexes - ERROR - Failed to save data for NIFTY SMALLCAP 100: Incorrect number of bindings supplied. The current statement uses 20, and there are 19 supplied.
2025-07-12 13:56:19 - API.Controller.nse_all_indexes - ERROR - Failed to save data for NIFTY 500: Incorrect number of bindings supplied. The current statement uses 20, and there are 19 supplied.
2025-07-12 13:56:19 - API.Controller.nse_all_indexes - ERROR - Failed to save data for NIFTY MIDCAP LIQUID 15: Incorrect number of bindings supplied. The current statement uses 20, and there are 19 supplied.
2025-07-12 13:56:20 - API.Controller.nse_all_indexes - ERROR - Failed to save data for NIFTY INDIA DIGITAL: Incorrect number of bindings supplied. The current statement uses 20, and there are 19 supplied.
2025-07-12 13:56:20 - API.Controller.nse_all_indexes - ERROR - Failed to save data for NIFTY DIVIDEND OPPORTUNITIES 50: Incorrect number of bindings supplied. The current statement uses 20, and there are 19 supplied.
2025-07-12 13:56:20 - API.Controller.nse_all_indexes - ERROR - Failed to save data for NIFTY MEDIA: Incorrect number of bindings supplied. The current statement uses 20, and there are 19 supplied.
2025-07-12 13:56:21 - API.Controller.nse_all_indexes - ERROR - Failed to save data for NIFTY REALTY: Incorrect number of bindings supplied. The current statement uses 20, and there are 19 supplied.
2025-07-12 13:56:21 - API.Controller.nse_all_indexes - ERROR - Failed to save data for NIFTY HEALTHCARE INDEX: Incorrect number of bindings supplied. The current statement uses 20, and there are 19 supplied.
2025-07-12 13:56:21 - API.Controller.nse_all_indexes - ERROR - Failed to save data for NIFTY50 SHARIAH: Incorrect number of bindings supplied. The current statement uses 20, and there are 19 supplied.
2025-07-12 13:56:22 - API.Controller.nse_all_indexes - ERROR - Failed to save data for NIFTY NEXT 50: Incorrect number of bindings supplied. The current statement uses 20, and there are 19 supplied.
2025-07-12 13:56:22 - API.Controller.nse_all_indexes - ERROR - Failed to save data for NIFTY100 ENHANCED ESG: Incorrect number of bindings supplied. The current statement uses 20, and there are 19 supplied.
2025-07-12 13:56:23 - API.Controller.nse_all_indexes - ERROR - Failed to save data for NIFTY ALPHA QUALITY VALUE LOW-VOLATILITY 30: Incorrect number of bindings supplied. The current statement uses 20, and there are 19 supplied.
2025-07-12 13:56:23 - API.Controller.nse_all_indexes - ERROR - Failed to save data for NIFTY IT: Incorrect number of bindings supplied. The current statement uses 20, and there are 19 supplied.
2025-07-12 13:56:23 - API.Controller.nse_all_indexes - ERROR - Failed to save data for NIFTY PSE: Incorrect number of bindings supplied. The current statement uses 20, and there are 19 supplied.
2025-07-12 13:56:24 - API.Controller.nse_all_indexes - ERROR - Failed to save data for NIFTY500 SHARIAH: Incorrect number of bindings supplied. The current statement uses 20, and there are 19 supplied.
2025-07-12 13:56:25 - API.Controller.nse_all_indexes - ERROR - Failed to save data for NIFTY COMPOSITE G-SEC INDEX: Incorrect number of bindings supplied. The current statement uses 20, and there are 19 supplied.
2025-07-12 13:56:25 - API.Controller.nse_all_indexes - ERROR - Failed to save data for NIFTY COMMODITIES: Incorrect number of bindings supplied. The current statement uses 20, and there are 19 supplied.
2025-07-12 13:56:25 - API.Controller.nse_all_indexes - ERROR - Failed to save data for NIFTY100 LOW VOLATILITY 30: Incorrect number of bindings supplied. The current statement uses 20, and there are 19 supplied.
2025-07-12 13:56:26 - API.Controller.nse_all_indexes - ERROR - Failed to save data for NIFTY 10 YR BENCHMARK G-SEC: Incorrect number of bindings supplied. The current statement uses 20, and there are 19 supplied.
2025-07-12 13:56:26 - API.Controller.nse_all_indexes - ERROR - Failed to save data for NIFTY RURAL: Incorrect number of bindings supplied. The current statement uses 20, and there are 19 supplied.
2025-07-12 13:56:26 - API.Controller.nse_all_indexes - ERROR - Failed to save data for NIFTY PRIVATE BANK: Incorrect number of bindings supplied. The current statement uses 20, and there are 19 supplied.
2025-07-12 13:56:27 - API.Controller.nse_all_indexes - ERROR - Failed to save data for NIFTY100 ESG: Incorrect number of bindings supplied. The current statement uses 20, and there are 19 supplied.
2025-07-12 13:56:28 - API.Controller.nse_all_indexes - ERROR - Failed to save data for NIFTY MICROCAP 250: Incorrect number of bindings supplied. The current statement uses 20, and there are 19 supplied.
2025-07-12 13:56:28 - API.Controller.nse_all_indexes - ERROR - Failed to save data for NIFTY MIDCAP150 QUALITY 50: Incorrect number of bindings supplied. The current statement uses 20, and there are 19 supplied.
2025-07-12 13:56:28 - API.Controller.nse_all_indexes - ERROR - Failed to save data for NIFTY MIDSMALL HEALTHCARE: Incorrect number of bindings supplied. The current statement uses 20, and there are 19 supplied.
2025-07-12 13:56:29 - API.Controller.nse_all_indexes - ERROR - Failed to save data for NIFTY500 VALUE 50: Incorrect number of bindings supplied. The current statement uses 20, and there are 19 supplied.
2025-07-12 13:56:29 - API.Controller.nse_all_indexes - ERROR - Failed to save data for NIFTY500 MULTICAP MOMENTUM QUALITY 50: Incorrect number of bindings supplied. The current statement uses 20, and there are 19 supplied.
2025-07-12 13:56:30 - API.Controller.nse_all_indexes - ERROR - Failed to save data for NIFTY HOUSING: Incorrect number of bindings supplied. The current statement uses 20, and there are 19 supplied.
2025-07-12 13:56:30 - API.Controller.nse_all_indexes - ERROR - Failed to save data for NIFTY SMALLCAP 50: Incorrect number of bindings supplied. The current statement uses 20, and there are 19 supplied.
2025-07-12 13:56:31 - API.Controller.nse_all_indexes - ERROR - Failed to save data for NIFTY CPSE: Incorrect number of bindings supplied. The current statement uses 20, and there are 19 supplied.
2025-07-12 13:56:31 - API.Controller.nse_all_indexes - ERROR - Failed to save data for NIFTY50 EQUAL WEIGHT: Incorrect number of bindings supplied. The current statement uses 20, and there are 19 supplied.
2025-07-12 13:56:32 - API.Controller.nse_all_indexes - ERROR - Failed to save data for NIFTY INDIA MANUFACTURING: Incorrect number of bindings supplied. The current statement uses 20, and there are 19 supplied.
2025-07-12 13:56:32 - API.Controller.nse_all_indexes - ERROR - Failed to save data for NIFTY 50: Incorrect number of bindings supplied. The current statement uses 20, and there are 19 supplied.
2025-07-12 13:56:32 - API.Controller.nse_all_indexes - ERROR - Failed to save data for NIFTY100 EQUAL WEIGHT: Incorrect number of bindings supplied. The current statement uses 20, and there are 19 supplied.
2025-07-12 13:56:33 - API.Controller.nse_all_indexes - ERROR - Failed to save data for NIFTY200 QUALITY 30: Incorrect number of bindings supplied. The current statement uses 20, and there are 19 supplied.
2025-07-12 13:56:33 - API.Controller.nse_all_indexes - ERROR - Failed to save data for NIFTY200 MOMENTUM 30: Incorrect number of bindings supplied. The current statement uses 20, and there are 19 supplied.
2025-07-12 13:56:33 - API.Controller.nse_all_indexes - ERROR - Failed to save data for NIFTY100 ESG SECTOR LEADERS: Incorrect number of bindings supplied. The current statement uses 20, and there are 19 supplied.
2025-07-12 13:56:34 - API.Controller.nse_all_indexes - ERROR - Failed to save data for NIFTY50 VALUE 20: Incorrect number of bindings supplied. The current statement uses 20, and there are 19 supplied.
2025-07-12 13:56:34 - API.Controller.nse_all_indexes - ERROR - Failed to save data for NIFTY100 QUALITY 30: Incorrect number of bindings supplied. The current statement uses 20, and there are 19 supplied.
2025-07-12 13:56:35 - API.Controller.nse_all_indexes - ERROR - Failed to save data for NIFTY MIDSMALLCAP 400: Incorrect number of bindings supplied. The current statement uses 20, and there are 19 supplied.
2025-07-12 13:56:35 - API.Controller.nse_all_indexes - ERROR - Failed to save data for NIFTY INDIA SELECT 5 CORPORATE GROUPS (MAATR): Incorrect number of bindings supplied. The current statement uses 20, and there are 19 supplied.
2025-07-12 13:56:36 - API.Controller.nse_all_indexes - ERROR - Failed to save data for NIFTY MIDSMALL FINANCIAL SERVICES: Incorrect number of bindings supplied. The current statement uses 20, and there are 19 supplied.
2025-07-12 13:56:36 - API.Controller.nse_all_indexes - ERROR - Failed to save data for NIFTY ALPHA LOW-VOLATILITY 30: Incorrect number of bindings supplied. The current statement uses 20, and there are 19 supplied.
2025-07-12 13:56:36 - API.Controller.nse_all_indexes - ERROR - Failed to save data for NIFTY CONSUMER DURABLES: Incorrect number of bindings supplied. The current statement uses 20, and there are 19 supplied.
2025-07-12 13:56:37 - API.Controller.nse_all_indexes - ERROR - Failed to save data for NIFTY500 LOW VOLATILITY 50: Incorrect number of bindings supplied. The current statement uses 20, and there are 19 supplied.
2025-07-12 13:56:37 - API.Controller.nse_all_indexes - ERROR - Failed to save data for NIFTY 8-13 YR G-SEC: Incorrect number of bindings supplied. The current statement uses 20, and there are 19 supplied.
2025-07-12 13:56:37 - API.Controller.nse_all_indexes - ERROR - Failed to save data for NIFTY MIDCAP 50: Incorrect number of bindings supplied. The current statement uses 20, and there are 19 supplied.
2025-07-12 13:56:38 - API.Controller.nse_all_indexes - ERROR - Failed to save data for NIFTY BHARAT BOND INDEX - APRIL 2033: Incorrect number of bindings supplied. The current statement uses 20, and there are 19 supplied.
2025-07-12 13:56:39 - API.Controller.nse_all_indexes - ERROR - Failed to save data for NIFTY200 VALUE 30: Incorrect number of bindings supplied. The current statement uses 20, and there are 19 supplied.
2025-07-12 13:56:39 - API.Controller.nse_all_indexes - ERROR - Failed to save data for NIFTY MNC: Incorrect number of bindings supplied. The current statement uses 20, and there are 19 supplied.
2025-07-12 13:56:39 - API.Controller.nse_all_indexes - ERROR - Failed to save data for NIFTY MIDCAP 100: Incorrect number of bindings supplied. The current statement uses 20, and there are 19 supplied.
2025-07-12 13:56:40 - API.Controller.nse_all_indexes - ERROR - Failed to save data for NIFTY50 TR 2X LEVERAGE: Incorrect number of bindings supplied. The current statement uses 20, and there are 19 supplied.
2025-07-12 13:56:40 - API.Controller.nse_all_indexes - ERROR - Failed to save data for NIFTY INDIA DEFENCE: Incorrect number of bindings supplied. The current statement uses 20, and there are 19 supplied.
2025-07-12 13:56:41 - API.Controller.nse_all_indexes - ERROR - Failed to save data for NIFTY TOP 15 EQUAL WEIGHT: Incorrect number of bindings supplied. The current statement uses 20, and there are 19 supplied.
2025-07-12 13:56:41 - API.Controller.nse_all_indexes - ERROR - Failed to save data for NIFTY100 ALPHA 30: Incorrect number of bindings supplied. The current statement uses 20, and there are 19 supplied.
2025-07-12 13:56:41 - API.Controller.nse_all_indexes - ERROR - Failed to save data for NIFTY 15 YR AND ABOVE G-SEC INDEX: Incorrect number of bindings supplied. The current statement uses 20, and there are 19 supplied.
2025-07-12 13:56:42 - API.Controller.nse_all_indexes - ERROR - Failed to save data for NIFTY500 MULTICAP INFRASTRUCTURE 50:30:20: Incorrect number of bindings supplied. The current statement uses 20, and there are 19 supplied.
2025-07-12 13:56:42 - API.Controller.nse_all_indexes - ERROR - Failed to save data for NIFTY BHARAT BOND INDEX - APRIL 2032: Incorrect number of bindings supplied. The current statement uses 20, and there are 19 supplied.
2025-07-12 13:56:43 - API.Controller.nse_all_indexes - ERROR - Failed to save data for NIFTY HIGH BETA 50: Incorrect number of bindings supplied. The current statement uses 20, and there are 19 supplied.
2025-07-12 13:56:43 - API.Controller.nse_all_indexes - ERROR - Failed to save data for NIFTY 200: Incorrect number of bindings supplied. The current statement uses 20, and there are 19 supplied.
2025-07-12 13:56:44 - API.Controller.nse_all_indexes - ERROR - Failed to save data for NIFTY INDIA TOURISM: Incorrect number of bindings supplied. The current statement uses 20, and there are 19 supplied.
2025-07-12 13:56:44 - API.Controller.nse_all_indexes - ERROR - Failed to save data for NIFTY BHARAT BOND INDEX - APRIL 2031: Incorrect number of bindings supplied. The current statement uses 20, and there are 19 supplied.
2025-07-12 13:56:45 - API.Controller.nse_all_indexes - ERROR - Failed to save data for NIFTY BHARAT BOND INDEX - APRIL 2030: Incorrect number of bindings supplied. The current statement uses 20, and there are 19 supplied.
2025-07-12 13:56:45 - API.Controller.nse_all_indexes - ERROR - Failed to save data for NIFTY PHARMA: Incorrect number of bindings supplied. The current statement uses 20, and there are 19 supplied.
2025-07-12 13:56:45 - API.Controller.nse_all_indexes - ERROR - Failed to save data for NIFTY INDIA NEW AGE CONSUMPTION: Incorrect number of bindings supplied. The current statement uses 20, and there are 19 supplied.
2025-07-12 13:56:46 - API.Controller.nse_all_indexes - ERROR - Failed to save data for NIFTY MIDCAP150 MOMENTUM 50: Incorrect number of bindings supplied. The current statement uses 20, and there are 19 supplied.
2025-07-12 13:56:47 - API.Controller.nse_all_indexes - ERROR - Failed to save data for NIFTY500 LARGEMIDSMALL EQUAL-CAP WEIGHTED: Incorrect number of bindings supplied. The current statement uses 20, and there are 19 supplied.
2025-07-12 13:56:47 - API.Controller.nse_all_indexes - ERROR - Failed to save data for NIFTY LARGEMIDCAP 250: Incorrect number of bindings supplied. The current statement uses 20, and there are 19 supplied.
2025-07-12 13:56:48 - API.Controller.nse_all_indexes - ERROR - Failed to save data for NIFTY MIDCAP 150: Incorrect number of bindings supplied. The current statement uses 20, and there are 19 supplied.
2025-07-12 13:56:49 - API.Controller.nse_all_indexes - ERROR - Failed to save data for NIFTY 4-8 YR G-SEC INDEX: Incorrect number of bindings supplied. The current statement uses 20, and there are 19 supplied.
2025-07-12 13:56:49 - API.Controller.nse_all_indexes - ERROR - Failed to save data for NIFTY AUTO: Incorrect number of bindings supplied. The current statement uses 20, and there are 19 supplied.
2025-07-12 13:56:49 - API.Controller.nse_all_indexes - ERROR - Failed to save data for NIFTY NON-CYCLICAL CONSUMER: Incorrect number of bindings supplied. The current statement uses 20, and there are 19 supplied.
2025-07-12 13:56:49 - API.Controller.nse_all_indexes - ERROR - Failed to save data for NIFTY GROWTH SECTORS 15: Incorrect number of bindings supplied. The current statement uses 20, and there are 19 supplied.
2025-07-12 13:56:50 - API.Controller.nse_all_indexes - ERROR - Failed to save data for NIFTY FINANCIAL SERVICES: Incorrect number of bindings supplied. The current statement uses 20, and there are 19 supplied.
2025-07-12 13:56:50 - API.Controller.nse_all_indexes - ERROR - Failed to save data for NIFTY500 QUALITY 50: Incorrect number of bindings supplied. The current statement uses 20, and there are 19 supplied.
2025-07-12 13:56:51 - API.Controller.nse_all_indexes - ERROR - Failed to save data for NIFTY200 ALPHA 30: Incorrect number of bindings supplied. The current statement uses 20, and there are 19 supplied.
2025-07-12 13:56:51 - API.Controller.nse_all_indexes - ERROR - Failed to save data for NIFTY INFRASTRUCTURE: Incorrect number of bindings supplied. The current statement uses 20, and there are 19 supplied.
2025-07-12 13:56:51 - API.Controller.nse_all_indexes - ERROR - Failed to save data for NIFTY MIDCAP SELECT: Incorrect number of bindings supplied. The current statement uses 20, and there are 19 supplied.
2025-07-12 13:56:52 - API.Controller.nse_all_indexes - ERROR - Failed to save data for NIFTY TOTAL MARKET: Incorrect number of bindings supplied. The current statement uses 20, and there are 19 supplied.
2025-07-12 13:56:53 - API.Controller.nse_all_indexes - ERROR - Failed to save data for NIFTY SMALLCAP250 QUALITY 50: Incorrect number of bindings supplied. The current statement uses 20, and there are 19 supplied.
2025-07-12 13:56:53 - API.Controller.nse_all_indexes - ERROR - Failed to save data for NIFTY MOBILITY: Incorrect number of bindings supplied. The current statement uses 20, and there are 19 supplied.
2025-07-12 13:56:53 - API.Controller.nse_all_indexes - ERROR - Failed to save data for NIFTY500 MULTIFACTOR MQVLV 50: Incorrect number of bindings supplied. The current statement uses 20, and there are 19 supplied.
2025-07-12 13:56:54 - API.Controller.nse_all_indexes - ERROR - Failed to save data for NIFTY500 MULTICAP 50:25:25: Incorrect number of bindings supplied. The current statement uses 20, and there are 19 supplied.
2025-07-12 13:56:55 - API.Controller.nse_all_indexes - ERROR - Failed to save data for NIFTY ENERGY: Incorrect number of bindings supplied. The current statement uses 20, and there are 19 supplied.
2025-07-12 13:56:55 - API.Controller.nse_all_indexes - ERROR - Failed to save data for NIFTY LOW VOLATILITY 50: Incorrect number of bindings supplied. The current statement uses 20, and there are 19 supplied.
2025-07-12 13:56:55 - API.Controller.nse_all_indexes - ERROR - Failed to save data for NIFTY ALPHA 50: Incorrect number of bindings supplied. The current statement uses 20, and there are 19 supplied.
2025-07-12 13:56:56 - API.Controller.nse_all_indexes - ERROR - Failed to save data for NIFTY CORE HOUSING: Incorrect number of bindings supplied. The current statement uses 20, and there are 19 supplied.
2025-07-12 13:56:57 - API.Controller.nse_all_indexes - ERROR - Failed to save data for NIFTY500 EQUAL WEIGHT: Incorrect number of bindings supplied. The current statement uses 20, and there are 19 supplied.
2025-07-12 13:56:57 - API.Controller.nse_all_indexes - ERROR - Failed to save data for NIFTY TOP 20 EQUAL WEIGHT: Incorrect number of bindings supplied. The current statement uses 20, and there are 19 supplied.
2025-07-12 14:00:44 - API.Controller.nse_all_indexes - ERROR - Failed to save data for NIFTY INDIA CONSUMPTION: Incorrect number of bindings supplied. The current statement uses 20, and there are 19 supplied.
2025-07-12 14:00:44 - API.Controller.nse_all_indexes - ERROR - Failed to save data for NIFTY FMCG: Incorrect number of bindings supplied. The current statement uses 20, and there are 19 supplied.
2025-07-12 14:00:45 - API.Controller.nse_all_indexes - ERROR - Failed to save data for INDIA VIX: Incorrect number of bindings supplied. The current statement uses 20, and there are 19 supplied.
2025-07-12 14:00:45 - API.Controller.nse_all_indexes - ERROR - Failed to save data for NIFTY METAL: Incorrect number of bindings supplied. The current statement uses 20, and there are 19 supplied.
2025-07-12 14:00:45 - API.Controller.nse_all_indexes - ERROR - Failed to save data for NIFTY IPO: Incorrect number of bindings supplied. The current statement uses 20, and there are 19 supplied.
2025-07-12 14:00:46 - API.Controller.nse_all_indexes - ERROR - Failed to save data for NIFTY FINANCIAL SERVICES EX-BANK: Incorrect number of bindings supplied. The current statement uses 20, and there are 19 supplied.
2025-07-12 14:00:46 - API.Controller.nse_all_indexes - ERROR - Failed to save data for NIFTY ALPHA QUALITY LOW-VOLATILITY 30: Incorrect number of bindings supplied. The current statement uses 20, and there are 19 supplied.
2025-07-12 14:00:46 - API.Controller.nse_all_indexes - ERROR - Failed to save data for NIFTY MIDSMALL INDIA CONSUMPTION: Incorrect number of bindings supplied. The current statement uses 20, and there are 19 supplied.
2025-07-12 14:00:47 - API.Controller.nse_all_indexes - ERROR - Failed to save data for NIFTY50 PR 1X INVERSE: Incorrect number of bindings supplied. The current statement uses 20, and there are 19 supplied.
2025-07-12 14:00:47 - API.Controller.nse_all_indexes - ERROR - Failed to save data for NIFTY500 MULTICAP INDIA MANUFACTURING 50:30:20: Incorrect number of bindings supplied. The current statement uses 20, and there are 19 supplied.
2025-07-12 14:00:48 - API.Controller.nse_all_indexes - ERROR - Failed to save data for NIFTY50 DIVIDEND POINTS: Incorrect number of bindings supplied. The current statement uses 20, and there are 19 supplied.
2025-07-12 14:00:48 - API.Controller.nse_all_indexes - ERROR - Failed to save data for NIFTY500 MOMENTUM 50: Incorrect number of bindings supplied. The current statement uses 20, and there are 19 supplied.
2025-07-12 14:00:48 - API.Controller.nse_all_indexes - ERROR - Failed to save data for NIFTY QUALITY LOW-VOLATILITY 30: Incorrect number of bindings supplied. The current statement uses 20, and there are 19 supplied.
2025-07-12 14:00:49 - API.Controller.nse_all_indexes - ERROR - Failed to save data for NIFTY SHARIAH 25: Incorrect number of bindings supplied. The current statement uses 20, and there are 19 supplied.
2025-07-12 14:00:49 - API.Controller.nse_all_indexes - ERROR - Failed to save data for NIFTY100 LIQUID 15: Incorrect number of bindings supplied. The current statement uses 20, and there are 19 supplied.
2025-07-12 14:00:49 - API.Controller.nse_all_indexes - ERROR - Failed to save data for NIFTY50 TR 1X INVERSE: Incorrect number of bindings supplied. The current statement uses 20, and there are 19 supplied.
2025-07-12 14:00:50 - API.Controller.nse_all_indexes - ERROR - Failed to save data for NIFTY SMALLCAP250 MOMENTUM QUALITY 100: Incorrect number of bindings supplied. The current statement uses 20, and there are 19 supplied.
2025-07-12 14:00:50 - API.Controller.nse_all_indexes - ERROR - Failed to save data for NIFTY FINANCIAL SERVICES 25/50: Incorrect number of bindings supplied. The current statement uses 20, and there are 19 supplied.
2025-07-12 14:00:50 - API.Controller.nse_all_indexes - ERROR - Failed to save data for NIFTY CAPITAL MARKETS: Incorrect number of bindings supplied. The current statement uses 20, and there are 19 supplied.
2025-07-12 14:00:51 - API.Controller.nse_all_indexes - ERROR - Failed to save data for NIFTY TOP 10 EQUAL WEIGHT: Incorrect number of bindings supplied. The current statement uses 20, and there are 19 supplied.
2025-07-12 14:00:51 - API.Controller.nse_all_indexes - ERROR - Failed to save data for NIFTY BANK: Incorrect number of bindings supplied. The current statement uses 20, and there are 19 supplied.
2025-07-12 14:00:51 - API.Controller.nse_all_indexes - ERROR - Failed to save data for NIFTY PSU BANK: Incorrect number of bindings supplied. The current statement uses 20, and there are 19 supplied.
2025-07-12 14:00:51 - API.Controller.nse_all_indexes - ERROR - Failed to save data for NIFTY SERVICES SECTOR: Incorrect number of bindings supplied. The current statement uses 20, and there are 19 supplied.
2025-07-12 14:00:52 - API.Controller.nse_all_indexes - ERROR - Failed to save data for NIFTY 10 YR BENCHMARK G-SEC (CLEAN PRICE): Incorrect number of bindings supplied. The current statement uses 20, and there are 19 supplied.
2025-07-12 14:00:52 - API.Controller.nse_all_indexes - ERROR - Failed to save data for NIFTY 11-15 YR G-SEC INDEX: Incorrect number of bindings supplied. The current statement uses 20, and there are 19 supplied.
2025-07-12 14:00:52 - API.Controller.nse_all_indexes - ERROR - Failed to save data for NIFTY50 PR 2X LEVERAGE: Incorrect number of bindings supplied. The current statement uses 20, and there are 19 supplied.
2025-07-12 14:00:53 - API.Controller.nse_all_indexes - ERROR - Failed to save data for NIFTY 100: Incorrect number of bindings supplied. The current statement uses 20, and there are 19 supplied.
2025-07-12 14:00:54 - API.Controller.nse_all_indexes - ERROR - Failed to save data for NIFTY SMALLCAP 250: Incorrect number of bindings supplied. The current statement uses 20, and there are 19 supplied.
2025-07-12 14:00:54 - API.Controller.nse_all_indexes - ERROR - Failed to save data for NIFTY MIDSMALLCAP400 MOMENTUM QUALITY 100: Incorrect number of bindings supplied. The current statement uses 20, and there are 19 supplied.
2025-07-12 14:00:54 - API.Controller.nse_all_indexes - ERROR - Failed to save data for NIFTY SMALLCAP 100: Incorrect number of bindings supplied. The current statement uses 20, and there are 19 supplied.
2025-07-12 14:00:55 - API.Controller.nse_all_indexes - ERROR - Failed to save data for NIFTY 500: Incorrect number of bindings supplied. The current statement uses 20, and there are 19 supplied.
2025-07-12 14:00:55 - API.Controller.nse_all_indexes - ERROR - Failed to save data for NIFTY MIDCAP LIQUID 15: Incorrect number of bindings supplied. The current statement uses 20, and there are 19 supplied.
2025-07-12 14:00:56 - API.Controller.nse_all_indexes - ERROR - Failed to save data for NIFTY INDIA DIGITAL: Incorrect number of bindings supplied. The current statement uses 20, and there are 19 supplied.
2025-07-12 14:00:56 - API.Controller.nse_all_indexes - ERROR - Failed to save data for NIFTY DIVIDEND OPPORTUNITIES 50: Incorrect number of bindings supplied. The current statement uses 20, and there are 19 supplied.
2025-07-12 14:00:57 - API.Controller.nse_all_indexes - ERROR - Failed to save data for NIFTY MEDIA: Incorrect number of bindings supplied. The current statement uses 20, and there are 19 supplied.
2025-07-12 14:00:57 - API.Controller.nse_all_indexes - ERROR - Failed to save data for NIFTY REALTY: Incorrect number of bindings supplied. The current statement uses 20, and there are 19 supplied.
2025-07-12 14:00:57 - API.Controller.nse_all_indexes - ERROR - Failed to save data for NIFTY HEALTHCARE INDEX: Incorrect number of bindings supplied. The current statement uses 20, and there are 19 supplied.
2025-07-12 14:00:58 - API.Controller.nse_all_indexes - ERROR - Failed to save data for NIFTY50 SHARIAH: Incorrect number of bindings supplied. The current statement uses 20, and there are 19 supplied.
2025-07-12 14:00:58 - API.Controller.nse_all_indexes - ERROR - Failed to save data for NIFTY NEXT 50: Incorrect number of bindings supplied. The current statement uses 20, and there are 19 supplied.
2025-07-12 14:00:58 - API.Controller.nse_all_indexes - ERROR - Failed to save data for NIFTY100 ENHANCED ESG: Incorrect number of bindings supplied. The current statement uses 20, and there are 19 supplied.
2025-07-12 14:00:58 - API.Controller.nse_all_indexes - ERROR - Failed to save data for NIFTY ALPHA QUALITY VALUE LOW-VOLATILITY 30: Incorrect number of bindings supplied. The current statement uses 20, and there are 19 supplied.
2025-07-12 14:00:59 - API.Controller.nse_all_indexes - ERROR - Failed to save data for NIFTY IT: Incorrect number of bindings supplied. The current statement uses 20, and there are 19 supplied.
2025-07-12 14:00:59 - API.Controller.nse_all_indexes - ERROR - Failed to save data for NIFTY PSE: Incorrect number of bindings supplied. The current statement uses 20, and there are 19 supplied.
2025-07-12 14:01:00 - API.Controller.nse_all_indexes - ERROR - Failed to save data for NIFTY500 SHARIAH: Incorrect number of bindings supplied. The current statement uses 20, and there are 19 supplied.
2025-07-12 14:01:00 - API.Controller.nse_all_indexes - ERROR - Failed to save data for NIFTY COMPOSITE G-SEC INDEX: Incorrect number of bindings supplied. The current statement uses 20, and there are 19 supplied.
2025-07-12 14:01:01 - API.Controller.nse_all_indexes - ERROR - Failed to save data for NIFTY COMMODITIES: Incorrect number of bindings supplied. The current statement uses 20, and there are 19 supplied.
2025-07-12 14:01:01 - API.Controller.nse_all_indexes - ERROR - Failed to save data for NIFTY100 LOW VOLATILITY 30: Incorrect number of bindings supplied. The current statement uses 20, and there are 19 supplied.
2025-07-12 14:01:01 - API.Controller.nse_all_indexes - ERROR - Failed to save data for NIFTY 10 YR BENCHMARK G-SEC: Incorrect number of bindings supplied. The current statement uses 20, and there are 19 supplied.
2025-07-12 14:01:02 - API.Controller.nse_all_indexes - ERROR - Failed to save data for NIFTY RURAL: Incorrect number of bindings supplied. The current statement uses 20, and there are 19 supplied.
2025-07-12 14:01:02 - API.Controller.nse_all_indexes - ERROR - Failed to save data for NIFTY PRIVATE BANK: Incorrect number of bindings supplied. The current statement uses 20, and there are 19 supplied.
2025-07-12 14:01:03 - API.Controller.nse_all_indexes - ERROR - Failed to save data for NIFTY100 ESG: Incorrect number of bindings supplied. The current statement uses 20, and there are 19 supplied.
2025-07-12 14:01:03 - API.Controller.nse_all_indexes - ERROR - Failed to save data for NIFTY MICROCAP 250: Incorrect number of bindings supplied. The current statement uses 20, and there are 19 supplied.
2025-07-12 14:01:04 - API.Controller.nse_all_indexes - ERROR - Failed to save data for NIFTY MIDCAP150 QUALITY 50: Incorrect number of bindings supplied. The current statement uses 20, and there are 19 supplied.
2025-07-12 14:01:04 - API.Controller.nse_all_indexes - ERROR - Failed to save data for NIFTY MIDSMALL HEALTHCARE: Incorrect number of bindings supplied. The current statement uses 20, and there are 19 supplied.
2025-07-12 14:01:04 - API.Controller.nse_all_indexes - ERROR - Failed to save data for NIFTY500 VALUE 50: Incorrect number of bindings supplied. The current statement uses 20, and there are 19 supplied.
2025-07-12 14:01:05 - API.Controller.nse_all_indexes - ERROR - Failed to save data for NIFTY500 MULTICAP MOMENTUM QUALITY 50: Incorrect number of bindings supplied. The current statement uses 20, and there are 19 supplied.
2025-07-12 14:01:05 - API.Controller.nse_all_indexes - ERROR - Failed to save data for NIFTY HOUSING: Incorrect number of bindings supplied. The current statement uses 20, and there are 19 supplied.
2025-07-12 14:01:05 - API.Controller.nse_all_indexes - ERROR - Failed to save data for NIFTY SMALLCAP 50: Incorrect number of bindings supplied. The current statement uses 20, and there are 19 supplied.
2025-07-12 14:01:06 - API.Controller.nse_all_indexes - ERROR - Failed to save data for NIFTY CPSE: Incorrect number of bindings supplied. The current statement uses 20, and there are 19 supplied.
2025-07-12 14:01:06 - API.Controller.nse_all_indexes - ERROR - Failed to save data for NIFTY50 EQUAL WEIGHT: Incorrect number of bindings supplied. The current statement uses 20, and there are 19 supplied.
2025-07-12 14:01:07 - API.Controller.nse_all_indexes - ERROR - Failed to save data for NIFTY INDIA MANUFACTURING: Incorrect number of bindings supplied. The current statement uses 20, and there are 19 supplied.
2025-07-12 14:01:07 - API.Controller.nse_all_indexes - ERROR - Failed to save data for NIFTY 50: Incorrect number of bindings supplied. The current statement uses 20, and there are 19 supplied.
2025-07-12 14:01:07 - API.Controller.nse_all_indexes - ERROR - Failed to save data for NIFTY100 EQUAL WEIGHT: Incorrect number of bindings supplied. The current statement uses 20, and there are 19 supplied.
2025-07-12 14:01:07 - API.Controller.nse_all_indexes - ERROR - Failed to save data for NIFTY200 QUALITY 30: Incorrect number of bindings supplied. The current statement uses 20, and there are 19 supplied.
2025-07-12 14:01:08 - API.Controller.nse_all_indexes - ERROR - Failed to save data for NIFTY200 MOMENTUM 30: Incorrect number of bindings supplied. The current statement uses 20, and there are 19 supplied.
2025-07-12 14:01:08 - API.Controller.nse_all_indexes - ERROR - Failed to save data for NIFTY100 ESG SECTOR LEADERS: Incorrect number of bindings supplied. The current statement uses 20, and there are 19 supplied.
2025-07-12 14:01:08 - API.Controller.nse_all_indexes - ERROR - Failed to save data for NIFTY50 VALUE 20: Incorrect number of bindings supplied. The current statement uses 20, and there are 19 supplied.
2025-07-12 14:01:09 - API.Controller.nse_all_indexes - ERROR - Failed to save data for NIFTY100 QUALITY 30: Incorrect number of bindings supplied. The current statement uses 20, and there are 19 supplied.
2025-07-12 14:01:09 - API.Controller.nse_all_indexes - ERROR - Failed to save data for NIFTY MIDSMALLCAP 400: Incorrect number of bindings supplied. The current statement uses 20, and there are 19 supplied.
2025-07-12 14:01:10 - API.Controller.nse_all_indexes - ERROR - Failed to save data for NIFTY INDIA SELECT 5 CORPORATE GROUPS (MAATR): Incorrect number of bindings supplied. The current statement uses 20, and there are 19 supplied.
2025-07-12 14:01:10 - API.Controller.nse_all_indexes - ERROR - Failed to save data for NIFTY MIDSMALL FINANCIAL SERVICES: Incorrect number of bindings supplied. The current statement uses 20, and there are 19 supplied.
2025-07-12 14:01:10 - API.Controller.nse_all_indexes - ERROR - Failed to save data for NIFTY ALPHA LOW-VOLATILITY 30: Incorrect number of bindings supplied. The current statement uses 20, and there are 19 supplied.
2025-07-12 14:01:11 - API.Controller.nse_all_indexes - ERROR - Failed to save data for NIFTY CONSUMER DURABLES: Incorrect number of bindings supplied. The current statement uses 20, and there are 19 supplied.
2025-07-12 14:01:11 - API.Controller.nse_all_indexes - ERROR - Failed to save data for NIFTY500 LOW VOLATILITY 50: Incorrect number of bindings supplied. The current statement uses 20, and there are 19 supplied.
2025-07-12 14:01:11 - API.Controller.nse_all_indexes - ERROR - Failed to save data for NIFTY 8-13 YR G-SEC: Incorrect number of bindings supplied. The current statement uses 20, and there are 19 supplied.
2025-07-12 14:01:12 - API.Controller.nse_all_indexes - ERROR - Failed to save data for NIFTY MIDCAP 50: Incorrect number of bindings supplied. The current statement uses 20, and there are 19 supplied.
2025-07-12 14:01:12 - API.Controller.nse_all_indexes - ERROR - Failed to save data for NIFTY BHARAT BOND INDEX - APRIL 2033: Incorrect number of bindings supplied. The current statement uses 20, and there are 19 supplied.
2025-07-12 14:01:13 - API.Controller.nse_all_indexes - ERROR - Failed to save data for NIFTY200 VALUE 30: Incorrect number of bindings supplied. The current statement uses 20, and there are 19 supplied.
2025-07-12 14:01:13 - API.Controller.nse_all_indexes - ERROR - Failed to save data for NIFTY MNC: Incorrect number of bindings supplied. The current statement uses 20, and there are 19 supplied.
2025-07-12 14:01:13 - API.Controller.nse_all_indexes - ERROR - Failed to save data for NIFTY MIDCAP 100: Incorrect number of bindings supplied. The current statement uses 20, and there are 19 supplied.
2025-07-12 14:01:14 - API.Controller.nse_all_indexes - ERROR - Failed to save data for NIFTY50 TR 2X LEVERAGE: Incorrect number of bindings supplied. The current statement uses 20, and there are 19 supplied.
2025-07-12 14:01:14 - API.Controller.nse_all_indexes - ERROR - Failed to save data for NIFTY INDIA DEFENCE: Incorrect number of bindings supplied. The current statement uses 20, and there are 19 supplied.
2025-07-12 14:01:15 - API.Controller.nse_all_indexes - ERROR - Failed to save data for NIFTY TOP 15 EQUAL WEIGHT: Incorrect number of bindings supplied. The current statement uses 20, and there are 19 supplied.
2025-07-12 14:01:15 - API.Controller.nse_all_indexes - ERROR - Failed to save data for NIFTY100 ALPHA 30: Incorrect number of bindings supplied. The current statement uses 20, and there are 19 supplied.
2025-07-12 14:01:15 - API.Controller.nse_all_indexes - ERROR - Failed to save data for NIFTY 15 YR AND ABOVE G-SEC INDEX: Incorrect number of bindings supplied. The current statement uses 20, and there are 19 supplied.
2025-07-12 14:01:16 - API.Controller.nse_all_indexes - ERROR - Failed to save data for NIFTY500 MULTICAP INFRASTRUCTURE 50:30:20: Incorrect number of bindings supplied. The current statement uses 20, and there are 19 supplied.
2025-07-12 14:01:17 - API.Controller.nse_all_indexes - ERROR - Failed to save data for NIFTY BHARAT BOND INDEX - APRIL 2032: Incorrect number of bindings supplied. The current statement uses 20, and there are 19 supplied.
2025-07-12 14:01:17 - API.Controller.nse_all_indexes - ERROR - Failed to save data for NIFTY HIGH BETA 50: Incorrect number of bindings supplied. The current statement uses 20, and there are 19 supplied.
2025-07-12 14:01:17 - API.Controller.nse_all_indexes - ERROR - Failed to save data for NIFTY 200: Incorrect number of bindings supplied. The current statement uses 20, and there are 19 supplied.
2025-07-12 14:01:18 - API.Controller.nse_all_indexes - ERROR - Failed to save data for NIFTY INDIA TOURISM: Incorrect number of bindings supplied. The current statement uses 20, and there are 19 supplied.
2025-07-12 14:01:18 - API.Controller.nse_all_indexes - ERROR - Failed to save data for NIFTY BHARAT BOND INDEX - APRIL 2031: Incorrect number of bindings supplied. The current statement uses 20, and there are 19 supplied.
2025-07-12 14:01:18 - API.Controller.nse_all_indexes - ERROR - Failed to save data for NIFTY BHARAT BOND INDEX - APRIL 2030: Incorrect number of bindings supplied. The current statement uses 20, and there are 19 supplied.
2025-07-12 14:01:19 - API.Controller.nse_all_indexes - ERROR - Failed to save data for NIFTY PHARMA: Incorrect number of bindings supplied. The current statement uses 20, and there are 19 supplied.
2025-07-12 14:01:19 - API.Controller.nse_all_indexes - ERROR - Failed to save data for NIFTY INDIA NEW AGE CONSUMPTION: Incorrect number of bindings supplied. The current statement uses 20, and there are 19 supplied.
2025-07-12 14:01:19 - API.Controller.nse_all_indexes - ERROR - Failed to save data for NIFTY MIDCAP150 MOMENTUM 50: Incorrect number of bindings supplied. The current statement uses 20, and there are 19 supplied.
2025-07-12 14:01:20 - API.Controller.nse_all_indexes - ERROR - Failed to save data for NIFTY500 LARGEMIDSMALL EQUAL-CAP WEIGHTED: Incorrect number of bindings supplied. The current statement uses 20, and there are 19 supplied.
2025-07-12 14:01:21 - API.Controller.nse_all_indexes - ERROR - Failed to save data for NIFTY LARGEMIDCAP 250: Incorrect number of bindings supplied. The current statement uses 20, and there are 19 supplied.
2025-07-12 14:01:21 - API.Controller.nse_all_indexes - ERROR - Failed to save data for NIFTY MIDCAP 150: Incorrect number of bindings supplied. The current statement uses 20, and there are 19 supplied.
2025-07-12 14:01:21 - API.Controller.nse_all_indexes - ERROR - Failed to save data for NIFTY 4-8 YR G-SEC INDEX: Incorrect number of bindings supplied. The current statement uses 20, and there are 19 supplied.
2025-07-12 14:01:22 - API.Controller.nse_all_indexes - ERROR - Failed to save data for NIFTY AUTO: Incorrect number of bindings supplied. The current statement uses 20, and there are 19 supplied.
2025-07-12 14:01:22 - API.Controller.nse_all_indexes - ERROR - Failed to save data for NIFTY NON-CYCLICAL CONSUMER: Incorrect number of bindings supplied. The current statement uses 20, and there are 19 supplied.
2025-07-12 14:01:22 - API.Controller.nse_all_indexes - ERROR - Failed to save data for NIFTY GROWTH SECTORS 15: Incorrect number of bindings supplied. The current statement uses 20, and there are 19 supplied.
2025-07-12 14:01:22 - API.Controller.nse_all_indexes - ERROR - Failed to save data for NIFTY FINANCIAL SERVICES: Incorrect number of bindings supplied. The current statement uses 20, and there are 19 supplied.
2025-07-12 14:01:23 - API.Controller.nse_all_indexes - ERROR - Failed to save data for NIFTY500 QUALITY 50: Incorrect number of bindings supplied. The current statement uses 20, and there are 19 supplied.
2025-07-12 14:01:24 - API.Controller.nse_all_indexes - ERROR - Failed to save data for NIFTY200 ALPHA 30: Incorrect number of bindings supplied. The current statement uses 20, and there are 19 supplied.
2025-07-12 14:01:24 - API.Controller.nse_all_indexes - ERROR - Failed to save data for NIFTY INFRASTRUCTURE: Incorrect number of bindings supplied. The current statement uses 20, and there are 19 supplied.
2025-07-12 14:01:24 - API.Controller.nse_all_indexes - ERROR - Failed to save data for NIFTY MIDCAP SELECT: Incorrect number of bindings supplied. The current statement uses 20, and there are 19 supplied.
2025-07-12 14:01:25 - API.Controller.nse_all_indexes - ERROR - Failed to save data for NIFTY TOTAL MARKET: Incorrect number of bindings supplied. The current statement uses 20, and there are 19 supplied.
2025-07-12 14:01:25 - API.Controller.nse_all_indexes - ERROR - Failed to save data for NIFTY SMALLCAP250 QUALITY 50: Incorrect number of bindings supplied. The current statement uses 20, and there are 19 supplied.
2025-07-12 14:01:25 - API.Controller.nse_all_indexes - ERROR - Failed to save data for NIFTY MOBILITY: Incorrect number of bindings supplied. The current statement uses 20, and there are 19 supplied.
2025-07-12 14:01:26 - API.Controller.nse_all_indexes - ERROR - Failed to save data for NIFTY500 MULTIFACTOR MQVLV 50: Incorrect number of bindings supplied. The current statement uses 20, and there are 19 supplied.
2025-07-12 14:01:26 - API.Controller.nse_all_indexes - ERROR - Failed to save data for NIFTY500 MULTICAP 50:25:25: Incorrect number of bindings supplied. The current statement uses 20, and there are 19 supplied.
2025-07-12 14:01:27 - API.Controller.nse_all_indexes - ERROR - Failed to save data for NIFTY ENERGY: Incorrect number of bindings supplied. The current statement uses 20, and there are 19 supplied.
2025-07-12 14:01:27 - API.Controller.nse_all_indexes - ERROR - Failed to save data for NIFTY LOW VOLATILITY 50: Incorrect number of bindings supplied. The current statement uses 20, and there are 19 supplied.
2025-07-12 14:01:27 - API.Controller.nse_all_indexes - ERROR - Failed to save data for NIFTY ALPHA 50: Incorrect number of bindings supplied. The current statement uses 20, and there are 19 supplied.
2025-07-12 14:01:28 - API.Controller.nse_all_indexes - ERROR - Failed to save data for NIFTY CORE HOUSING: Incorrect number of bindings supplied. The current statement uses 20, and there are 19 supplied.
2025-07-12 14:01:29 - API.Controller.nse_all_indexes - ERROR - Failed to save data for NIFTY500 EQUAL WEIGHT: Incorrect number of bindings supplied. The current statement uses 20, and there are 19 supplied.
2025-07-12 14:01:29 - API.Controller.nse_all_indexes - ERROR - Failed to save data for NIFTY TOP 20 EQUAL WEIGHT: Incorrect number of bindings supplied. The current statement uses 20, and there are 19 supplied.
2025-07-12 14:04:26 - API.Controller.nse_all_indexes - ERROR - Failed to save data for NIFTY INDIA CONSUMPTION: table all_indexes has no column named high_price
2025-07-12 14:04:27 - API.Controller.nse_all_indexes - ERROR - Failed to save data for NIFTY FMCG: table all_indexes has no column named high_price
2025-07-12 14:04:27 - API.Controller.nse_all_indexes - ERROR - Failed to save data for INDIA VIX: table all_indexes has no column named high_price
2025-07-12 14:04:28 - API.Controller.nse_all_indexes - ERROR - Failed to save data for NIFTY METAL: table all_indexes has no column named high_price
2025-07-12 14:04:28 - API.Controller.nse_all_indexes - ERROR - Failed to save data for NIFTY IPO: table all_indexes has no column named high_price
2025-07-12 14:04:28 - API.Controller.nse_all_indexes - ERROR - Failed to save data for NIFTY FINANCIAL SERVICES EX-BANK: table all_indexes has no column named high_price
2025-07-12 14:04:29 - API.Controller.nse_all_indexes - ERROR - Failed to save data for NIFTY ALPHA QUALITY LOW-VOLATILITY 30: table all_indexes has no column named high_price
2025-07-12 14:04:29 - API.Controller.nse_all_indexes - ERROR - Failed to save data for NIFTY MIDSMALL INDIA CONSUMPTION: table all_indexes has no column named high_price
2025-07-12 14:04:30 - API.Controller.nse_all_indexes - ERROR - Failed to save data for NIFTY50 PR 1X INVERSE: table all_indexes has no column named high_price
2025-07-12 14:04:30 - API.Controller.nse_all_indexes - ERROR - Failed to save data for NIFTY500 MULTICAP INDIA MANUFACTURING 50:30:20: table all_indexes has no column named high_price
2025-07-12 14:04:31 - API.Controller.nse_all_indexes - ERROR - Failed to save data for NIFTY50 DIVIDEND POINTS: table all_indexes has no column named high_price
2025-07-12 14:04:31 - API.Controller.nse_all_indexes - ERROR - Failed to save data for NIFTY500 MOMENTUM 50: table all_indexes has no column named high_price
2025-07-12 14:04:31 - API.Controller.nse_all_indexes - ERROR - Failed to save data for NIFTY QUALITY LOW-VOLATILITY 30: table all_indexes has no column named high_price
2025-07-12 14:04:32 - API.Controller.nse_all_indexes - ERROR - Failed to save data for NIFTY SHARIAH 25: table all_indexes has no column named high_price
2025-07-12 14:04:32 - API.Controller.nse_all_indexes - ERROR - Failed to save data for NIFTY100 LIQUID 15: table all_indexes has no column named high_price
2025-07-12 14:04:32 - API.Controller.nse_all_indexes - ERROR - Failed to save data for NIFTY50 TR 1X INVERSE: table all_indexes has no column named high_price
2025-07-12 14:04:33 - API.Controller.nse_all_indexes - ERROR - Failed to save data for NIFTY SMALLCAP250 MOMENTUM QUALITY 100: table all_indexes has no column named high_price
2025-07-12 14:04:33 - API.Controller.nse_all_indexes - ERROR - Failed to save data for NIFTY FINANCIAL SERVICES 25/50: table all_indexes has no column named high_price
2025-07-12 14:04:34 - API.Controller.nse_all_indexes - ERROR - Failed to save data for NIFTY CAPITAL MARKETS: table all_indexes has no column named high_price
2025-07-12 14:04:34 - API.Controller.nse_all_indexes - ERROR - Failed to save data for NIFTY TOP 10 EQUAL WEIGHT: table all_indexes has no column named high_price
2025-07-12 14:04:34 - API.Controller.nse_all_indexes - ERROR - Failed to save data for NIFTY BANK: table all_indexes has no column named high_price
2025-07-12 14:04:35 - API.Controller.nse_all_indexes - ERROR - Failed to save data for NIFTY PSU BANK: table all_indexes has no column named high_price
2025-07-12 14:04:35 - API.Controller.nse_all_indexes - ERROR - Failed to save data for NIFTY SERVICES SECTOR: table all_indexes has no column named high_price
2025-07-12 14:04:35 - API.Controller.nse_all_indexes - ERROR - Failed to save data for NIFTY 10 YR BENCHMARK G-SEC (CLEAN PRICE): table all_indexes has no column named high_price
2025-07-12 14:04:36 - API.Controller.nse_all_indexes - ERROR - Failed to save data for NIFTY 11-15 YR G-SEC INDEX: table all_indexes has no column named high_price
2025-07-12 14:04:36 - API.Controller.nse_all_indexes - ERROR - Failed to save data for NIFTY50 PR 2X LEVERAGE: table all_indexes has no column named high_price
2025-07-12 14:04:37 - API.Controller.nse_all_indexes - ERROR - Failed to save data for NIFTY 100: table all_indexes has no column named high_price
2025-07-12 14:04:38 - API.Controller.nse_all_indexes - ERROR - Failed to save data for NIFTY SMALLCAP 250: table all_indexes has no column named high_price
2025-07-12 14:04:38 - API.Controller.nse_all_indexes - ERROR - Failed to save data for NIFTY MIDSMALLCAP400 MOMENTUM QUALITY 100: table all_indexes has no column named high_price
2025-07-12 14:04:39 - API.Controller.nse_all_indexes - ERROR - Failed to save data for NIFTY SMALLCAP 100: table all_indexes has no column named high_price
2025-07-12 14:04:40 - API.Controller.nse_all_indexes - ERROR - Failed to save data for NIFTY 500: table all_indexes has no column named high_price
2025-07-12 14:04:40 - API.Controller.nse_all_indexes - ERROR - Failed to save data for NIFTY MIDCAP LIQUID 15: table all_indexes has no column named high_price
2025-07-12 14:04:40 - API.Controller.nse_all_indexes - ERROR - Failed to save data for NIFTY INDIA DIGITAL: table all_indexes has no column named high_price
2025-07-12 14:04:41 - API.Controller.nse_all_indexes - ERROR - Failed to save data for NIFTY DIVIDEND OPPORTUNITIES 50: table all_indexes has no column named high_price
2025-07-12 14:04:41 - API.Controller.nse_all_indexes - ERROR - Failed to save data for NIFTY MEDIA: table all_indexes has no column named high_price
2025-07-12 14:04:41 - API.Controller.nse_all_indexes - ERROR - Failed to save data for NIFTY REALTY: table all_indexes has no column named high_price
2025-07-12 14:04:42 - API.Controller.nse_all_indexes - ERROR - Failed to save data for NIFTY HEALTHCARE INDEX: table all_indexes has no column named high_price
2025-07-12 14:04:42 - API.Controller.nse_all_indexes - ERROR - Failed to save data for NIFTY50 SHARIAH: table all_indexes has no column named high_price
2025-07-12 14:04:42 - API.Controller.nse_all_indexes - ERROR - Failed to save data for NIFTY NEXT 50: table all_indexes has no column named high_price
2025-07-12 14:04:42 - API.Controller.nse_all_indexes - ERROR - Failed to save data for NIFTY100 ENHANCED ESG: table all_indexes has no column named high_price
2025-07-12 14:04:43 - API.Controller.nse_all_indexes - ERROR - Failed to save data for NIFTY ALPHA QUALITY VALUE LOW-VOLATILITY 30: table all_indexes has no column named high_price
2025-07-12 14:04:43 - API.Controller.nse_all_indexes - ERROR - Failed to save data for NIFTY IT: table all_indexes has no column named high_price
2025-07-12 14:04:43 - API.Controller.nse_all_indexes - ERROR - Failed to save data for NIFTY PSE: table all_indexes has no column named high_price
2025-07-12 14:04:44 - API.Controller.nse_all_indexes - ERROR - Failed to save data for NIFTY500 SHARIAH: table all_indexes has no column named high_price
2025-07-12 14:04:45 - API.Controller.nse_all_indexes - ERROR - Failed to save data for NIFTY COMPOSITE G-SEC INDEX: table all_indexes has no column named high_price
2025-07-12 14:04:45 - API.Controller.nse_all_indexes - ERROR - Failed to save data for NIFTY COMMODITIES: table all_indexes has no column named high_price
2025-07-12 14:04:46 - API.Controller.nse_all_indexes - ERROR - Failed to save data for NIFTY100 LOW VOLATILITY 30: table all_indexes has no column named high_price
2025-07-12 14:04:46 - API.Controller.nse_all_indexes - ERROR - Failed to save data for NIFTY 10 YR BENCHMARK G-SEC: table all_indexes has no column named high_price
2025-07-12 14:04:46 - API.Controller.nse_all_indexes - ERROR - Failed to save data for NIFTY RURAL: table all_indexes has no column named high_price
2025-07-12 14:04:47 - API.Controller.nse_all_indexes - ERROR - Failed to save data for NIFTY PRIVATE BANK: table all_indexes has no column named high_price
2025-07-12 14:04:47 - API.Controller.nse_all_indexes - ERROR - Failed to save data for NIFTY100 ESG: table all_indexes has no column named high_price
2025-07-12 14:04:48 - API.Controller.nse_all_indexes - ERROR - Failed to save data for NIFTY MICROCAP 250: table all_indexes has no column named high_price
2025-07-12 14:04:48 - API.Controller.nse_all_indexes - ERROR - Failed to save data for NIFTY MIDCAP150 QUALITY 50: table all_indexes has no column named high_price
2025-07-12 14:04:49 - API.Controller.nse_all_indexes - ERROR - Failed to save data for NIFTY MIDSMALL HEALTHCARE: table all_indexes has no column named high_price
2025-07-12 14:04:49 - API.Controller.nse_all_indexes - ERROR - Failed to save data for NIFTY500 VALUE 50: table all_indexes has no column named high_price
2025-07-12 14:04:50 - API.Controller.nse_all_indexes - ERROR - Failed to save data for NIFTY500 MULTICAP MOMENTUM QUALITY 50: table all_indexes has no column named high_price
2025-07-12 14:04:50 - API.Controller.nse_all_indexes - ERROR - Failed to save data for NIFTY HOUSING: table all_indexes has no column named high_price
2025-07-12 14:04:50 - API.Controller.nse_all_indexes - ERROR - Failed to save data for NIFTY SMALLCAP 50: table all_indexes has no column named high_price
2025-07-12 14:04:51 - API.Controller.nse_all_indexes - ERROR - Failed to save data for NIFTY CPSE: table all_indexes has no column named high_price
2025-07-12 14:04:51 - API.Controller.nse_all_indexes - ERROR - Failed to save data for NIFTY50 EQUAL WEIGHT: table all_indexes has no column named high_price
2025-07-12 14:04:52 - API.Controller.nse_all_indexes - ERROR - Failed to save data for NIFTY INDIA MANUFACTURING: table all_indexes has no column named high_price
2025-07-12 14:04:52 - API.Controller.nse_all_indexes - ERROR - Failed to save data for NIFTY 50: table all_indexes has no column named high_price
2025-07-12 14:04:52 - API.Controller.nse_all_indexes - ERROR - Failed to save data for NIFTY100 EQUAL WEIGHT: table all_indexes has no column named high_price
2025-07-12 14:04:52 - API.Controller.nse_all_indexes - ERROR - Failed to save data for NIFTY200 QUALITY 30: table all_indexes has no column named high_price
2025-07-12 14:04:53 - API.Controller.nse_all_indexes - ERROR - Failed to save data for NIFTY200 MOMENTUM 30: table all_indexes has no column named high_price
2025-07-12 14:04:53 - API.Controller.nse_all_indexes - ERROR - Failed to save data for NIFTY100 ESG SECTOR LEADERS: table all_indexes has no column named high_price
2025-07-12 14:04:54 - API.Controller.nse_all_indexes - ERROR - Failed to save data for NIFTY50 VALUE 20: table all_indexes has no column named high_price
2025-07-12 14:04:54 - API.Controller.nse_all_indexes - ERROR - Failed to save data for NIFTY100 QUALITY 30: table all_indexes has no column named high_price
2025-07-12 14:04:55 - API.Controller.nse_all_indexes - ERROR - Failed to save data for NIFTY MIDSMALLCAP 400: table all_indexes has no column named high_price
2025-07-12 14:04:55 - API.Controller.nse_all_indexes - ERROR - Failed to save data for NIFTY INDIA SELECT 5 CORPORATE GROUPS (MAATR): table all_indexes has no column named high_price
2025-07-12 14:04:55 - API.Controller.nse_all_indexes - ERROR - Failed to save data for NIFTY MIDSMALL FINANCIAL SERVICES: table all_indexes has no column named high_price
2025-07-12 14:04:56 - API.Controller.nse_all_indexes - ERROR - Failed to save data for NIFTY ALPHA LOW-VOLATILITY 30: table all_indexes has no column named high_price
2025-07-12 14:04:56 - API.Controller.nse_all_indexes - ERROR - Failed to save data for NIFTY CONSUMER DURABLES: table all_indexes has no column named high_price
2025-07-12 14:04:57 - API.Controller.nse_all_indexes - ERROR - Failed to save data for NIFTY500 LOW VOLATILITY 50: table all_indexes has no column named high_price
2025-07-12 14:04:57 - API.Controller.nse_all_indexes - ERROR - Failed to save data for NIFTY 8-13 YR G-SEC: table all_indexes has no column named high_price
2025-07-12 14:04:57 - API.Controller.nse_all_indexes - ERROR - Failed to save data for NIFTY MIDCAP 50: table all_indexes has no column named high_price
2025-07-12 14:04:58 - API.Controller.nse_all_indexes - ERROR - Failed to save data for NIFTY BHARAT BOND INDEX - APRIL 2033: table all_indexes has no column named high_price
2025-07-12 14:04:58 - API.Controller.nse_all_indexes - ERROR - Failed to save data for NIFTY200 VALUE 30: table all_indexes has no column named high_price
2025-07-12 14:04:59 - API.Controller.nse_all_indexes - ERROR - Failed to save data for NIFTY MNC: table all_indexes has no column named high_price
2025-07-12 14:04:59 - API.Controller.nse_all_indexes - ERROR - Failed to save data for NIFTY MIDCAP 100: table all_indexes has no column named high_price
2025-07-12 14:05:00 - API.Controller.nse_all_indexes - ERROR - Failed to save data for NIFTY50 TR 2X LEVERAGE: table all_indexes has no column named high_price
2025-07-12 14:05:00 - API.Controller.nse_all_indexes - ERROR - Failed to save data for NIFTY INDIA DEFENCE: table all_indexes has no column named high_price
2025-07-12 14:05:01 - API.Controller.nse_all_indexes - ERROR - Failed to save data for NIFTY TOP 15 EQUAL WEIGHT: table all_indexes has no column named high_price
2025-07-12 14:05:01 - API.Controller.nse_all_indexes - ERROR - Failed to save data for NIFTY100 ALPHA 30: table all_indexes has no column named high_price
2025-07-12 14:05:02 - API.Controller.nse_all_indexes - ERROR - Failed to save data for NIFTY 15 YR AND ABOVE G-SEC INDEX: table all_indexes has no column named high_price
2025-07-12 14:05:02 - API.Controller.nse_all_indexes - ERROR - Failed to save data for NIFTY500 MULTICAP INFRASTRUCTURE 50:30:20: table all_indexes has no column named high_price
2025-07-12 14:05:03 - API.Controller.nse_all_indexes - ERROR - Failed to save data for NIFTY BHARAT BOND INDEX - APRIL 2032: table all_indexes has no column named high_price
2025-07-12 14:05:03 - API.Controller.nse_all_indexes - ERROR - Failed to save data for NIFTY HIGH BETA 50: table all_indexes has no column named high_price
2025-07-12 14:05:04 - API.Controller.nse_all_indexes - ERROR - Failed to save data for NIFTY 200: table all_indexes has no column named high_price
2025-07-12 14:05:04 - API.Controller.nse_all_indexes - ERROR - Failed to save data for NIFTY INDIA TOURISM: table all_indexes has no column named high_price
2025-07-12 14:05:05 - API.Controller.nse_all_indexes - ERROR - Failed to save data for NIFTY BHARAT BOND INDEX - APRIL 2031: table all_indexes has no column named high_price
2025-07-12 14:05:05 - API.Controller.nse_all_indexes - ERROR - Failed to save data for NIFTY BHARAT BOND INDEX - APRIL 2030: table all_indexes has no column named high_price
2025-07-12 14:05:05 - API.Controller.nse_all_indexes - ERROR - Failed to save data for NIFTY PHARMA: table all_indexes has no column named high_price
2025-07-12 14:05:06 - API.Controller.nse_all_indexes - ERROR - Failed to save data for NIFTY INDIA NEW AGE CONSUMPTION: table all_indexes has no column named high_price
2025-07-12 14:05:06 - API.Controller.nse_all_indexes - ERROR - Failed to save data for NIFTY MIDCAP150 MOMENTUM 50: table all_indexes has no column named high_price
2025-07-12 14:05:07 - API.Controller.nse_all_indexes - ERROR - Failed to save data for NIFTY500 LARGEMIDSMALL EQUAL-CAP WEIGHTED: table all_indexes has no column named high_price
2025-07-12 14:05:08 - API.Controller.nse_all_indexes - ERROR - Failed to save data for NIFTY LARGEMIDCAP 250: table all_indexes has no column named high_price
2025-07-12 14:05:08 - API.Controller.nse_all_indexes - ERROR - Failed to save data for NIFTY MIDCAP 150: table all_indexes has no column named high_price
2025-07-12 14:05:09 - API.Controller.nse_all_indexes - ERROR - Failed to save data for NIFTY 4-8 YR G-SEC INDEX: table all_indexes has no column named high_price
2025-07-12 14:05:09 - API.Controller.nse_all_indexes - ERROR - Failed to save data for NIFTY AUTO: table all_indexes has no column named high_price
2025-07-12 14:05:09 - API.Controller.nse_all_indexes - ERROR - Failed to save data for NIFTY NON-CYCLICAL CONSUMER: table all_indexes has no column named high_price
2025-07-12 14:05:10 - API.Controller.nse_all_indexes - ERROR - Failed to save data for NIFTY GROWTH SECTORS 15: table all_indexes has no column named high_price
2025-07-12 14:05:10 - API.Controller.nse_all_indexes - ERROR - Failed to save data for NIFTY FINANCIAL SERVICES: table all_indexes has no column named high_price
2025-07-12 14:05:10 - API.Controller.nse_all_indexes - ERROR - Failed to save data for NIFTY500 QUALITY 50: table all_indexes has no column named high_price
2025-07-12 14:05:11 - API.Controller.nse_all_indexes - ERROR - Failed to save data for NIFTY200 ALPHA 30: table all_indexes has no column named high_price
2025-07-12 14:05:11 - API.Controller.nse_all_indexes - ERROR - Failed to save data for NIFTY INFRASTRUCTURE: table all_indexes has no column named high_price
2025-07-12 14:05:12 - API.Controller.nse_all_indexes - ERROR - Failed to save data for NIFTY MIDCAP SELECT: table all_indexes has no column named high_price
2025-07-12 14:05:13 - API.Controller.nse_all_indexes - ERROR - Failed to save data for NIFTY TOTAL MARKET: table all_indexes has no column named high_price
2025-07-12 14:05:13 - API.Controller.nse_all_indexes - ERROR - Failed to save data for NIFTY SMALLCAP250 QUALITY 50: table all_indexes has no column named high_price
2025-07-12 14:05:13 - API.Controller.nse_all_indexes - ERROR - Failed to save data for NIFTY MOBILITY: table all_indexes has no column named high_price
2025-07-12 14:05:14 - API.Controller.nse_all_indexes - ERROR - Failed to save data for NIFTY500 MULTIFACTOR MQVLV 50: table all_indexes has no column named high_price
2025-07-12 14:05:15 - API.Controller.nse_all_indexes - ERROR - Failed to save data for NIFTY500 MULTICAP 50:25:25: table all_indexes has no column named high_price
2025-07-12 14:05:15 - API.Controller.nse_all_indexes - ERROR - Failed to save data for NIFTY ENERGY: table all_indexes has no column named high_price
2025-07-12 14:05:15 - API.Controller.nse_all_indexes - ERROR - Failed to save data for NIFTY LOW VOLATILITY 50: table all_indexes has no column named high_price
2025-07-12 14:05:16 - API.Controller.nse_all_indexes - ERROR - Failed to save data for NIFTY ALPHA 50: table all_indexes has no column named high_price
2025-07-12 14:05:16 - API.Controller.nse_all_indexes - ERROR - Failed to save data for NIFTY CORE HOUSING: table all_indexes has no column named high_price
2025-07-12 14:05:17 - API.Controller.nse_all_indexes - ERROR - Failed to save data for NIFTY500 EQUAL WEIGHT: table all_indexes has no column named high_price
2025-07-12 14:05:17 - API.Controller.nse_all_indexes - ERROR - Failed to save data for NIFTY TOP 20 EQUAL WEIGHT: table all_indexes has no column named high_price
