2025-07-12 01:24:02 - Services.get_nse_cookies - INFO - Logger 'Services.get_nse_cookies' initialized successfully
2025-07-12 01:24:25 - Services.get_nse_cookies - INFO - Logger 'Services.get_nse_cookies' initialized successfully
2025-07-12 01:26:21 - Services.get_nse_cookies - INFO - Logger 'Services.get_nse_cookies' initialized successfully
2025-07-12 01:26:24 - Services.get_nse_cookies - INFO - Logger 'Services.get_nse_cookies' initialized successfully
2025-07-12 01:32:01 - Services.get_nse_cookies - INFO - Logger 'Services.get_nse_cookies' initialized successfully
2025-07-12 01:33:01 - Services.get_nse_cookies - INFO - Logger 'Services.get_nse_cookies' initialized successfully
2025-07-12 01:33:15 - Services.get_nse_cookies - INFO - Logger 'Services.get_nse_cookies' initialized successfully
2025-07-12 01:36:37 - Services.get_nse_cookies - INFO - Logger 'Services.get_nse_cookies' initialized successfully
2025-07-12 01:36:37 - Services.get_nse_cookies - INFO - Stored cookies expired
2025-07-12 01:36:37 - Services.get_nse_cookies - INFO - Fetching fresh cookies
2025-07-12 01:36:37 - Services.get_nse_cookies - INFO - Refreshing cookies...
2025-07-12 01:36:37 - Services.get_nse_cookies - INFO - Getting fresh NSE cookies...
2025-07-12 01:36:37 - Services.get_nse_cookies - INFO - Launching undetected Chrome...
2025-07-12 01:36:55 - Services.get_nse_cookies - INFO - All required cookies collected
2025-07-12 01:36:55 - Services.get_nse_cookies - INFO - Cookies saved to nse_cookies.json
2025-07-12 01:36:55 - Services.get_nse_cookies - INFO - Cookies validation successful
2025-07-12 01:37:05 - Services.get_nse_cookies - INFO - Logger 'Services.get_nse_cookies' initialized successfully
2025-07-12 01:37:08 - Services.get_nse_cookies - INFO - Logger 'Services.get_nse_cookies' initialized successfully
2025-07-12 01:38:35 - Services.get_nse_cookies - INFO - Logger 'Services.get_nse_cookies' initialized successfully
2025-07-12 01:38:38 - Services.get_nse_cookies - INFO - Logger 'Services.get_nse_cookies' initialized successfully
2025-07-12 01:40:55 - Services.get_nse_cookies - INFO - Logger 'Services.get_nse_cookies' initialized successfully
2025-07-12 01:41:02 - Services.get_nse_cookies - INFO - Logger 'Services.get_nse_cookies' initialized successfully
2025-07-12 01:42:15 - Services.get_nse_cookies - INFO - Logger 'Services.get_nse_cookies' initialized successfully
2025-07-12 01:42:39 - Services.get_nse_cookies - INFO - Logger 'Services.get_nse_cookies' initialized successfully
2025-07-12 01:45:41 - Services.get_nse_cookies - INFO - Loaded cookies from file
2025-07-12 01:45:42 - Services.get_nse_cookies - INFO - Cookies validation successful
2025-07-12 01:45:55 - Services.get_nse_cookies - INFO - Logger 'Services.get_nse_cookies' initialized successfully
2025-07-12 01:46:04 - Services.get_nse_cookies - INFO - Loaded cookies from file
2025-07-12 01:46:05 - Services.get_nse_cookies - INFO - Cookies validation successful
2025-07-12 01:47:44 - Services.get_nse_cookies - INFO - Logger 'Services.get_nse_cookies' initialized successfully
2025-07-12 01:47:53 - Services.get_nse_cookies - INFO - Loaded cookies from file
2025-07-12 01:48:04 - Services.get_nse_cookies - ERROR - Error validating cookies: HTTPSConnectionPool(host='www.nseindia.com', port=443): Read timed out. (read timeout=10)
2025-07-12 01:48:04 - Services.get_nse_cookies - INFO - Fetching fresh cookies
2025-07-12 01:48:04 - Services.get_nse_cookies - INFO - Refreshing cookies...
2025-07-12 01:48:04 - Services.get_nse_cookies - INFO - Getting fresh NSE cookies...
2025-07-12 01:48:04 - Services.get_nse_cookies - INFO - Launching undetected Chrome...
2025-07-12 01:48:24 - Services.get_nse_cookies - INFO - All required cookies collected
2025-07-12 01:48:24 - Services.get_nse_cookies - INFO - Cookies saved to nse_cookies.json
2025-07-12 01:48:25 - Services.get_nse_cookies - INFO - Cookies validation successful
2025-07-12 01:49:09 - Services.get_nse_cookies - INFO - Logger 'Services.get_nse_cookies' initialized successfully
2025-07-12 01:49:46 - Services.get_nse_cookies - INFO - Logger 'Services.get_nse_cookies' initialized successfully
2025-07-12 01:49:49 - Services.get_nse_cookies - INFO - Logger 'Services.get_nse_cookies' initialized successfully
2025-07-12 01:50:31 - Services.get_nse_cookies - INFO - Loaded cookies from file
2025-07-12 01:50:31 - Services.get_nse_cookies - INFO - Cookies validation successful
2025-07-12 01:52:29 - Services.get_nse_cookies - INFO - Logger 'Services.get_nse_cookies' initialized successfully
2025-07-12 01:52:38 - Services.get_nse_cookies - INFO - Logger 'Services.get_nse_cookies' initialized successfully
2025-07-12 01:52:41 - Services.get_nse_cookies - INFO - Logger 'Services.get_nse_cookies' initialized successfully
2025-07-12 01:52:45 - Services.get_nse_cookies - INFO - Logger 'Services.get_nse_cookies' initialized successfully
2025-07-12 01:52:48 - Services.get_nse_cookies - INFO - Logger 'Services.get_nse_cookies' initialized successfully
2025-07-12 01:53:28 - Services.get_nse_cookies - INFO - Logger 'Services.get_nse_cookies' initialized successfully
2025-07-12 01:53:31 - Services.get_nse_cookies - INFO - Logger 'Services.get_nse_cookies' initialized successfully
2025-07-12 01:53:46 - Services.get_nse_cookies - INFO - Logger 'Services.get_nse_cookies' initialized successfully
2025-07-12 01:54:01 - Services.get_nse_cookies - INFO - Logger 'Services.get_nse_cookies' initialized successfully
2025-07-12 01:54:06 - Services.get_nse_cookies - INFO - Logger 'Services.get_nse_cookies' initialized successfully
2025-07-12 01:54:09 - Services.get_nse_cookies - INFO - Logger 'Services.get_nse_cookies' initialized successfully
