2025-07-12 01:24:01 - Utils.db - INFO - Logger 'Utils.db' initialized successfully
2025-07-12 01:24:25 - Utils.db - INFO - Logger 'Utils.db' initialized successfully
2025-07-12 01:26:21 - Utils.db - INFO - Logger 'Utils.db' initialized successfully
2025-07-12 01:26:22 - Utils.db - INFO - SQLite tables created successfully
2025-07-12 01:26:22 - Utils.db - INFO - Database (sqlite) initialized successfully
2025-07-12 01:26:24 - Utils.db - INFO - Logger 'Utils.db' initialized successfully
2025-07-12 01:26:24 - Utils.db - INFO - SQLite tables created successfully
2025-07-12 01:26:24 - Utils.db - INFO - Database (sqlite) initialized successfully
2025-07-12 01:31:57 - Utils.db - INFO - Logger 'Utils.db' initialized successfully
2025-07-12 01:32:01 - Utils.db - INFO - Logger 'Utils.db' initialized successfully
2025-07-12 01:32:01 - Utils.db - INFO - SQLite tables created successfully
2025-07-12 01:32:01 - Utils.db - INFO - Database (sqlite) initialized successfully
2025-07-12 01:33:00 - Utils.db - INFO - Logger 'Utils.db' initialized successfully
2025-07-12 01:33:01 - Utils.db - INFO - SQLite tables created successfully
2025-07-12 01:33:01 - Utils.db - INFO - Database (sqlite) initialized successfully
2025-07-12 01:33:15 - Utils.db - INFO - Logger 'Utils.db' initialized successfully
2025-07-12 01:33:15 - Utils.db - INFO - SQLite tables created successfully
2025-07-12 01:33:15 - Utils.db - INFO - Database (sqlite) initialized successfully
2025-07-12 01:36:36 - Utils.db - INFO - Logger 'Utils.db' initialized successfully
2025-07-12 01:36:37 - Utils.db - INFO - SQLite tables created successfully
2025-07-12 01:36:37 - Utils.db - INFO - Database (sqlite) initialized successfully
2025-07-12 01:36:56 - Utils.db - INFO - Data saved to top_gainers table
2025-07-12 01:36:56 - Utils.db - INFO - Data saved to top_loosers table
2025-07-12 01:37:05 - Utils.db - INFO - Logger 'Utils.db' initialized successfully
2025-07-12 01:37:05 - Utils.db - INFO - SQLite tables created successfully
2025-07-12 01:37:05 - Utils.db - INFO - Database (sqlite) initialized successfully
2025-07-12 01:37:07 - Utils.db - INFO - Logger 'Utils.db' initialized successfully
2025-07-12 01:37:08 - Utils.db - INFO - SQLite tables created successfully
2025-07-12 01:37:08 - Utils.db - INFO - Database (sqlite) initialized successfully
2025-07-12 01:38:35 - Utils.db - INFO - Logger 'Utils.db' initialized successfully
2025-07-12 01:38:35 - Utils.db - INFO - SQLite tables created successfully
2025-07-12 01:38:35 - Utils.db - INFO - Database (sqlite) initialized successfully
2025-07-12 01:38:37 - Utils.db - INFO - Logger 'Utils.db' initialized successfully
2025-07-12 01:38:38 - Utils.db - INFO - SQLite tables created successfully
2025-07-12 01:38:38 - Utils.db - INFO - Database (sqlite) initialized successfully
2025-07-12 01:40:48 - Utils.db - INFO - Logger 'Utils.db' initialized successfully
2025-07-12 01:40:55 - Utils.db - INFO - SQLite tables created successfully
2025-07-12 01:40:55 - Utils.db - INFO - Database (sqlite) initialized successfully
2025-07-12 01:41:00 - Utils.db - INFO - Logger 'Utils.db' initialized successfully
2025-07-12 01:41:02 - Utils.db - INFO - SQLite tables created successfully
2025-07-12 01:41:02 - Utils.db - INFO - Database (sqlite) initialized successfully
2025-07-12 01:42:15 - Utils.db - INFO - Logger 'Utils.db' initialized successfully
2025-07-12 01:42:15 - Utils.db - INFO - SQLite tables created successfully
2025-07-12 01:42:15 - Utils.db - INFO - Database (sqlite) initialized successfully
2025-07-12 01:42:39 - Utils.db - INFO - Logger 'Utils.db' initialized successfully
2025-07-12 01:42:39 - Utils.db - INFO - SQLite tables created successfully
2025-07-12 01:42:39 - Utils.db - INFO - Database (sqlite) initialized successfully
2025-07-12 01:45:42 - Utils.db - INFO - Data saved to top_gainers table
2025-07-12 01:45:55 - Utils.db - INFO - Logger 'Utils.db' initialized successfully
2025-07-12 01:45:55 - Utils.db - INFO - SQLite tables created successfully
2025-07-12 01:45:55 - Utils.db - INFO - Database (sqlite) initialized successfully
2025-07-12 01:46:05 - Utils.db - INFO - Data saved to top_gainers table
2025-07-12 01:47:43 - Utils.db - INFO - Logger 'Utils.db' initialized successfully
2025-07-12 01:47:44 - Utils.db - INFO - SQLite tables created successfully
2025-07-12 01:47:44 - Utils.db - INFO - Database (sqlite) initialized successfully
2025-07-12 01:48:25 - Utils.db - INFO - Data saved to top_loosers table
2025-07-12 01:49:09 - Utils.db - INFO - Logger 'Utils.db' initialized successfully
2025-07-12 01:49:09 - Utils.db - INFO - SQLite tables created successfully
2025-07-12 01:49:09 - Utils.db - INFO - Database (sqlite) initialized successfully
2025-07-12 01:49:45 - Utils.db - INFO - Logger 'Utils.db' initialized successfully
2025-07-12 01:49:46 - Utils.db - INFO - SQLite tables created successfully
2025-07-12 01:49:46 - Utils.db - INFO - Database (sqlite) initialized successfully
2025-07-12 01:49:48 - Utils.db - INFO - Logger 'Utils.db' initialized successfully
2025-07-12 01:49:49 - Utils.db - INFO - SQLite tables created successfully
2025-07-12 01:49:49 - Utils.db - INFO - Database (sqlite) initialized successfully
2025-07-12 01:50:31 - Utils.db - INFO - Data saved to top_gainers table
2025-07-12 01:50:31 - Utils.db - INFO - Data saved to top_loosers table
2025-07-12 01:52:28 - Utils.db - INFO - Logger 'Utils.db' initialized successfully
2025-07-12 01:52:29 - Utils.db - INFO - SQLite tables created successfully
2025-07-12 01:52:29 - Utils.db - INFO - Database (sqlite) initialized successfully
2025-07-12 01:52:37 - Utils.db - INFO - Logger 'Utils.db' initialized successfully
2025-07-12 01:52:38 - Utils.db - INFO - SQLite tables created successfully
2025-07-12 01:52:38 - Utils.db - INFO - Database (sqlite) initialized successfully
2025-07-12 01:52:40 - Utils.db - INFO - Logger 'Utils.db' initialized successfully
2025-07-12 01:52:41 - Utils.db - INFO - SQLite tables created successfully
2025-07-12 01:52:41 - Utils.db - INFO - Database (sqlite) initialized successfully
2025-07-12 01:52:44 - Utils.db - INFO - Logger 'Utils.db' initialized successfully
2025-07-12 01:52:45 - Utils.db - INFO - SQLite tables created successfully
2025-07-12 01:52:45 - Utils.db - INFO - Database (sqlite) initialized successfully
2025-07-12 01:52:47 - Utils.db - INFO - Logger 'Utils.db' initialized successfully
2025-07-12 01:52:48 - Utils.db - INFO - SQLite tables created successfully
2025-07-12 01:52:48 - Utils.db - INFO - Database (sqlite) initialized successfully
2025-07-12 01:53:27 - Utils.db - INFO - Logger 'Utils.db' initialized successfully
2025-07-12 01:53:28 - Utils.db - INFO - SQLite tables created successfully
2025-07-12 01:53:28 - Utils.db - INFO - Database (sqlite) initialized successfully
2025-07-12 01:53:31 - Utils.db - INFO - Logger 'Utils.db' initialized successfully
2025-07-12 01:53:31 - Utils.db - INFO - SQLite tables created successfully
2025-07-12 01:53:31 - Utils.db - INFO - Database (sqlite) initialized successfully
2025-07-12 01:53:46 - Utils.db - INFO - Logger 'Utils.db' initialized successfully
2025-07-12 01:53:46 - Utils.db - INFO - SQLite tables created successfully
2025-07-12 01:53:46 - Utils.db - INFO - Database (sqlite) initialized successfully
2025-07-12 01:54:01 - Utils.db - INFO - Logger 'Utils.db' initialized successfully
2025-07-12 01:54:01 - Utils.db - INFO - SQLite tables created successfully
2025-07-12 01:54:01 - Utils.db - INFO - Database (sqlite) initialized successfully
2025-07-12 01:54:05 - Utils.db - INFO - Logger 'Utils.db' initialized successfully
2025-07-12 01:54:06 - Utils.db - INFO - SQLite tables created successfully
2025-07-12 01:54:06 - Utils.db - INFO - Database (sqlite) initialized successfully
2025-07-12 01:54:09 - Utils.db - INFO - Logger 'Utils.db' initialized successfully
2025-07-12 01:54:09 - Utils.db - INFO - SQLite tables created successfully
2025-07-12 01:54:09 - Utils.db - INFO - Database (sqlite) initialized successfully
